{"/Users/gonzaloquintana/Documents/Dev Tests/Mini Market 2/src/lib/alerts.ts": {"path":"/Users/gonzaloquintana/Documents/Dev Tests/Mini Market 2/src/lib/alerts.ts","statementMap":{"0":{"start":{"line":41,"column":33},"end":{"line":41,"column":null}},"1":{"start":{"line":43,"column":4},"end":{"line":72,"column":null}},"2":{"start":{"line":44,"column":8},"end":{"line":44,"column":null}},"3":{"start":{"line":44,"column":38},"end":{"line":44,"column":null}},"4":{"start":{"line":46,"column":29},"end":{"line":46,"column":null}},"5":{"start":{"line":47,"column":29},"end":{"line":47,"column":null}},"6":{"start":{"line":49,"column":8},"end":{"line":71,"column":null}},"7":{"start":{"line":50,"column":12},"end":{"line":59,"column":null}},"8":{"start":{"line":60,"column":8},"end":{"line":71,"column":null}},"9":{"start":{"line":61,"column":12},"end":{"line":70,"column":null}},"10":{"start":{"line":74,"column":4},"end":{"line":81,"column":null}},"11":{"start":{"line":76,"column":30},"end":{"line":76,"column":null}},"12":{"start":{"line":77,"column":8},"end":{"line":79,"column":null}},"13":{"start":{"line":78,"column":12},"end":{"line":78,"column":null}},"14":{"start":{"line":80,"column":8},"end":{"line":80,"column":null}},"15":{"start":{"line":94,"column":25},"end":{"line":94,"column":null}},"16":{"start":{"line":96,"column":2},"end":{"line":105,"column":null}},"17":{"start":{"line":96,"column":38},"end":{"line":105,"column":4}},"18":{"start":{"line":116,"column":33},"end":{"line":116,"column":null}},"19":{"start":{"line":117,"column":18},"end":{"line":117,"column":null}},"20":{"start":{"line":118,"column":33},"end":{"line":118,"column":null}},"21":{"start":{"line":121,"column":30},"end":{"line":121,"column":null}},"22":{"start":{"line":123,"column":4},"end":{"line":150,"column":null}},"23":{"start":{"line":124,"column":8},"end":{"line":124,"column":null}},"24":{"start":{"line":124,"column":38},"end":{"line":124,"column":null}},"25":{"start":{"line":126,"column":29},"end":{"line":126,"column":null}},"26":{"start":{"line":127,"column":30},"end":{"line":127,"column":null}},"27":{"start":{"line":128,"column":25},"end":{"line":128,"column":null}},"28":{"start":{"line":131,"column":29},"end":{"line":131,"column":null}},"29":{"start":{"line":131,"column":57},"end":{"line":131,"column":91}},"30":{"start":{"line":133,"column":8},"end":{"line":149,"column":null}},"31":{"start":{"line":135,"column":43},"end":{"line":135,"column":null}},"32":{"start":{"line":137,"column":12},"end":{"line":148,"column":null}},"33":{"start":{"line":138,"column":16},"end":{"line":147,"column":null}},"34":{"start":{"line":152,"column":4},"end":{"line":152,"column":null}},"35":{"start":{"line":161,"column":4},"end":{"line":170,"column":null}},"36":{"start":{"line":161,"column":79},"end":{"line":170,"column":6}},"37":{"start":{"line":177,"column":35},"end":{"line":177,"column":null}},"38":{"start":{"line":178,"column":18},"end":{"line":178,"column":null}},"39":{"start":{"line":179,"column":4},"end":{"line":179,"column":null}},"40":{"start":{"line":181,"column":4},"end":{"line":217,"column":null}},"41":{"start":{"line":182,"column":8},"end":{"line":182,"column":null}},"42":{"start":{"line":182,"column":81},"end":{"line":182,"column":null}},"43":{"start":{"line":184,"column":24},"end":{"line":184,"column":null}},"44":{"start":{"line":185,"column":8},"end":{"line":185,"column":null}},"45":{"start":{"line":187,"column":25},"end":{"line":187,"column":null}},"46":{"start":{"line":188,"column":25},"end":{"line":188,"column":null}},"47":{"start":{"line":190,"column":8},"end":{"line":216,"column":null}},"48":{"start":{"line":192,"column":12},"end":{"line":200,"column":null}},"49":{"start":{"line":201,"column":8},"end":{"line":216,"column":null}},"50":{"start":{"line":203,"column":29},"end":{"line":203,"column":null}},"51":{"start":{"line":204,"column":12},"end":{"line":215,"column":null}},"52":{"start":{"line":219,"column":4},"end":{"line":229,"column":null}},"53":{"start":{"line":221,"column":30},"end":{"line":221,"column":null}},"54":{"start":{"line":222,"column":8},"end":{"line":224,"column":null}},"55":{"start":{"line":223,"column":12},"end":{"line":223,"column":null}},"56":{"start":{"line":226,"column":22},"end":{"line":226,"column":null}},"57":{"start":{"line":227,"column":22},"end":{"line":227,"column":null}},"58":{"start":{"line":228,"column":8},"end":{"line":228,"column":null}},"59":{"start":{"line":241,"column":18},"end":{"line":241,"column":null}},"60":{"start":{"line":242,"column":4},"end":{"line":242,"column":null}},"61":{"start":{"line":243,"column":24},"end":{"line":243,"column":null}},"62":{"start":{"line":244,"column":4},"end":{"line":244,"column":null}},"63":{"start":{"line":246,"column":23},"end":{"line":246,"column":null}},"64":{"start":{"line":247,"column":22},"end":{"line":247,"column":null}},"65":{"start":{"line":248,"column":23},"end":{"line":248,"column":null}},"66":{"start":{"line":249,"column":53},"end":{"line":254,"column":null}},"67":{"start":{"line":256,"column":4},"end":{"line":276,"column":null}},"68":{"start":{"line":257,"column":23},"end":{"line":257,"column":null}},"69":{"start":{"line":258,"column":23},"end":{"line":258,"column":null}},"70":{"start":{"line":260,"column":8},"end":{"line":260,"column":null}},"71":{"start":{"line":262,"column":8},"end":{"line":262,"column":null}},"72":{"start":{"line":262,"column":31},"end":{"line":262,"column":null}},"73":{"start":{"line":264,"column":8},"end":{"line":264,"column":null}},"74":{"start":{"line":266,"column":8},"end":{"line":275,"column":null}},"75":{"start":{"line":267,"column":28},"end":{"line":267,"column":null}},"76":{"start":{"line":268,"column":12},"end":{"line":268,"column":null}},"77":{"start":{"line":270,"column":12},"end":{"line":274,"column":null}},"78":{"start":{"line":271,"column":16},"end":{"line":271,"column":null}},"79":{"start":{"line":272,"column":12},"end":{"line":274,"column":null}},"80":{"start":{"line":273,"column":16},"end":{"line":273,"column":null}},"81":{"start":{"line":278,"column":4},"end":{"line":283,"column":null}},"82":{"start":{"line":290,"column":4},"end":{"line":290,"column":null}},"83":{"start":{"line":297,"column":4},"end":{"line":297,"column":null}},"84":{"start":{"line":297,"column":39},"end":{"line":297,"column":null}},"85":{"start":{"line":298,"column":4},"end":{"line":298,"column":null}},"86":{"start":{"line":298,"column":38},"end":{"line":298,"column":null}},"87":{"start":{"line":299,"column":4},"end":{"line":299,"column":null}},"88":{"start":{"line":311,"column":39},"end":{"line":311,"column":null}},"89":{"start":{"line":313,"column":2},"end":{"line":431,"column":null}},"90":{"start":{"line":314,"column":4},"end":{"line":314,"column":null}},"91":{"start":{"line":314,"column":21},"end":{"line":314,"column":null}},"92":{"start":{"line":316,"column":25},"end":{"line":316,"column":null}},"93":{"start":{"line":317,"column":25},"end":{"line":317,"column":null}},"94":{"start":{"line":320,"column":10},"end":{"line":320,"column":null}},"95":{"start":{"line":321,"column":10},"end":{"line":321,"column":null}},"96":{"start":{"line":322,"column":10},"end":{"line":322,"column":null}},"97":{"start":{"line":323,"column":10},"end":{"line":323,"column":null}},"98":{"start":{"line":326,"column":22},"end":{"line":326,"column":null}},"99":{"start":{"line":327,"column":52},"end":{"line":327,"column":null}},"100":{"start":{"line":328,"column":40},"end":{"line":328,"column":null}},"101":{"start":{"line":329,"column":18},"end":{"line":329,"column":null}},"102":{"start":{"line":330,"column":22},"end":{"line":330,"column":null}},"103":{"start":{"line":331,"column":28},"end":{"line":331,"column":null}},"104":{"start":{"line":334,"column":4},"end":{"line":349,"column":null}},"105":{"start":{"line":335,"column":6},"end":{"line":335,"column":null}},"106":{"start":{"line":336,"column":6},"end":{"line":336,"column":null}},"107":{"start":{"line":337,"column":6},"end":{"line":337,"column":null}},"108":{"start":{"line":338,"column":6},"end":{"line":338,"column":null}},"109":{"start":{"line":340,"column":6},"end":{"line":340,"column":null}},"110":{"start":{"line":341,"column":6},"end":{"line":341,"column":null}},"111":{"start":{"line":343,"column":6},"end":{"line":348,"column":null}},"112":{"start":{"line":344,"column":35},"end":{"line":344,"column":null}},"113":{"start":{"line":345,"column":8},"end":{"line":347,"column":null}},"114":{"start":{"line":346,"column":10},"end":{"line":346,"column":null}},"115":{"start":{"line":352,"column":4},"end":{"line":364,"column":null}},"116":{"start":{"line":353,"column":6},"end":{"line":353,"column":null}},"117":{"start":{"line":354,"column":6},"end":{"line":354,"column":null}},"118":{"start":{"line":355,"column":6},"end":{"line":355,"column":null}},"119":{"start":{"line":356,"column":6},"end":{"line":356,"column":null}},"120":{"start":{"line":358,"column":6},"end":{"line":358,"column":null}},"121":{"start":{"line":359,"column":6},"end":{"line":359,"column":null}},"122":{"start":{"line":361,"column":6},"end":{"line":363,"column":null}},"123":{"start":{"line":362,"column":8},"end":{"line":362,"column":null}},"124":{"start":{"line":367,"column":4},"end":{"line":380,"column":null}},"125":{"start":{"line":368,"column":33},"end":{"line":368,"column":null}},"126":{"start":{"line":369,"column":33},"end":{"line":369,"column":null}},"127":{"start":{"line":371,"column":6},"end":{"line":379,"column":null}},"128":{"start":{"line":372,"column":8},"end":{"line":372,"column":null}},"129":{"start":{"line":373,"column":8},"end":{"line":373,"column":null}},"130":{"start":{"line":374,"column":8},"end":{"line":374,"column":null}},"131":{"start":{"line":375,"column":8},"end":{"line":375,"column":null}},"132":{"start":{"line":377,"column":8},"end":{"line":377,"column":null}},"133":{"start":{"line":378,"column":8},"end":{"line":378,"column":null}},"134":{"start":{"line":383,"column":4},"end":{"line":396,"column":null}},"135":{"start":{"line":384,"column":12},"end":{"line":384,"column":null}},"136":{"start":{"line":385,"column":35},"end":{"line":385,"column":null}},"137":{"start":{"line":387,"column":6},"end":{"line":395,"column":null}},"138":{"start":{"line":388,"column":8},"end":{"line":388,"column":null}},"139":{"start":{"line":389,"column":8},"end":{"line":389,"column":null}},"140":{"start":{"line":390,"column":8},"end":{"line":390,"column":null}},"141":{"start":{"line":391,"column":8},"end":{"line":391,"column":null}},"142":{"start":{"line":393,"column":8},"end":{"line":393,"column":null}},"143":{"start":{"line":394,"column":8},"end":{"line":394,"column":null}},"144":{"start":{"line":398,"column":4},"end":{"line":430,"column":null}},"145":{"start":{"line":401,"column":6},"end":{"line":405,"column":null}},"146":{"start":{"line":402,"column":29},"end":{"line":402,"column":null}},"147":{"start":{"line":403,"column":8},"end":{"line":403,"column":null}},"148":{"start":{"line":404,"column":8},"end":{"line":404,"column":null}},"149":{"start":{"line":409,"column":6},"end":{"line":412,"column":null}},"150":{"start":{"line":410,"column":25},"end":{"line":410,"column":null}},"151":{"start":{"line":411,"column":8},"end":{"line":411,"column":null}},"152":{"start":{"line":411,"column":86},"end":{"line":411,"column":97}},"153":{"start":{"line":414,"column":6},"end":{"line":429,"column":null}},"154":{"start":{"line":433,"column":2},"end":{"line":440,"column":null}},"155":{"start":{"line":435,"column":26},"end":{"line":435,"column":null}},"156":{"start":{"line":436,"column":4},"end":{"line":438,"column":null}},"157":{"start":{"line":437,"column":6},"end":{"line":437,"column":null}},"158":{"start":{"line":439,"column":4},"end":{"line":439,"column":null}},"159":{"start":{"line":459,"column":24},"end":{"line":459,"column":null}},"160":{"start":{"line":460,"column":26},"end":{"line":460,"column":null}},"161":{"start":{"line":460,"column":45},"end":{"line":460,"column":70}},"162":{"start":{"line":461,"column":24},"end":{"line":461,"column":null}},"163":{"start":{"line":461,"column":43},"end":{"line":461,"column":65}},"164":{"start":{"line":462,"column":34},"end":{"line":462,"column":null}},"165":{"start":{"line":462,"column":53},"end":{"line":462,"column":84}},"166":{"start":{"line":463,"column":25},"end":{"line":463,"column":null}},"167":{"start":{"line":463,"column":44},"end":{"line":463,"column":69}},"168":{"start":{"line":466,"column":36},"end":{"line":473,"column":null}},"169":{"start":{"line":467,"column":4},"end":{"line":471,"column":null}},"170":{"start":{"line":468,"column":22},"end":{"line":468,"column":null}},"171":{"start":{"line":468,"column":41},"end":{"line":468,"column":65}},"172":{"start":{"line":469,"column":19},"end":{"line":469,"column":null}},"173":{"start":{"line":470,"column":6},"end":{"line":470,"column":null}},"174":{"start":{"line":472,"column":4},"end":{"line":472,"column":null}},"175":{"start":{"line":476,"column":29},"end":{"line":476,"column":null}},"176":{"start":{"line":478,"column":2},"end":{"line":480,"column":null}},"177":{"start":{"line":479,"column":4},"end":{"line":479,"column":null}},"178":{"start":{"line":482,"column":2},"end":{"line":484,"column":null}},"179":{"start":{"line":483,"column":4},"end":{"line":483,"column":null}},"180":{"start":{"line":486,"column":2},"end":{"line":488,"column":null}},"181":{"start":{"line":487,"column":4},"end":{"line":487,"column":null}},"182":{"start":{"line":490,"column":31},"end":{"line":494,"column":null}},"183":{"start":{"line":491,"column":4},"end":{"line":491,"column":null}},"184":{"start":{"line":491,"column":15},"end":{"line":491,"column":null}},"185":{"start":{"line":492,"column":10},"end":{"line":492,"column":null}},"186":{"start":{"line":493,"column":4},"end":{"line":493,"column":null}},"187":{"start":{"line":496,"column":2},"end":{"line":498,"column":null}},"188":{"start":{"line":497,"column":4},"end":{"line":497,"column":null}},"189":{"start":{"line":500,"column":2},"end":{"line":508,"column":null}}},"fnMap":{"0":{"name":"checkLowStock","decl":{"start":{"line":40,"column":16},"end":{"line":40,"column":30}},"loc":{"start":{"line":40,"column":65},"end":{"line":82,"column":null}},"line":40},"1":{"name":"(anonymous_1)","decl":{"start":{"line":74,"column":23},"end":{"line":74,"column":24}},"loc":{"start":{"line":74,"column":33},"end":{"line":81,"column":5}},"line":74},"2":{"name":"checkLowStockEnhanced","decl":{"start":{"line":87,"column":22},"end":{"line":87,"column":null}},"loc":{"start":{"line":92,"column":25},"end":{"line":106,"column":null}},"line":92},"3":{"name":"(anonymous_3)","decl":{"start":{"line":96,"column":28},"end":{"line":96,"column":38}},"loc":{"start":{"line":96,"column":38},"end":{"line":105,"column":4}},"line":96},"4":{"name":"generateRestockSuggestions","decl":{"start":{"line":112,"column":16},"end":{"line":112,"column":null}},"loc":{"start":{"line":115,"column":16},"end":{"line":153,"column":null}},"line":115},"5":{"name":"(anonymous_5)","decl":{"start":{"line":131,"column":52},"end":{"line":131,"column":57}},"loc":{"start":{"line":131,"column":57},"end":{"line":131,"column":91}},"line":131},"6":{"name":"generateStockUpdateAlerts","decl":{"start":{"line":158,"column":16},"end":{"line":158,"column":null}},"loc":{"start":{"line":160,"column":16},"end":{"line":171,"column":null}},"line":160},"7":{"name":"(anonymous_7)","decl":{"start":{"line":161,"column":31},"end":{"line":161,"column":32}},"loc":{"start":{"line":161,"column":79},"end":{"line":170,"column":6}},"line":161},"8":{"name":"checkInvoiceDueDates","decl":{"start":{"line":176,"column":16},"end":{"line":176,"column":37}},"loc":{"start":{"line":176,"column":74},"end":{"line":230,"column":null}},"line":176},"9":{"name":"(anonymous_9)","decl":{"start":{"line":219,"column":23},"end":{"line":219,"column":24}},"loc":{"start":{"line":219,"column":33},"end":{"line":229,"column":5}},"line":219},"10":{"name":"calculatePendingPayments","decl":{"start":{"line":235,"column":16},"end":{"line":235,"column":41}},"loc":{"start":{"line":240,"column":2},"end":{"line":284,"column":null}},"line":240},"11":{"name":"formatCurrency","decl":{"start":{"line":289,"column":16},"end":{"line":289,"column":31}},"loc":{"start":{"line":289,"column":88},"end":{"line":291,"column":null}},"line":289},"12":{"name":"getAlertIcon","decl":{"start":{"line":296,"column":16},"end":{"line":296,"column":29}},"loc":{"start":{"line":296,"column":92},"end":{"line":300,"column":null}},"line":296},"13":{"name":"generateEnhancedStockAlerts","decl":{"start":{"line":305,"column":22},"end":{"line":305,"column":null}},"loc":{"start":{"line":310,"column":33},"end":{"line":441,"column":null}},"line":310},"14":{"name":"(anonymous_14)","decl":{"start":{"line":411,"column":81},"end":{"line":411,"column":86}},"loc":{"start":{"line":411,"column":86},"end":{"line":411,"column":97}},"line":411},"15":{"name":"(anonymous_15)","decl":{"start":{"line":433,"column":21},"end":{"line":433,"column":22}},"loc":{"start":{"line":433,"column":31},"end":{"line":440,"column":3}},"line":433},"16":{"name":"getInventoryInsights","decl":{"start":{"line":446,"column":16},"end":{"line":446,"column":null}},"loc":{"start":{"line":458,"column":2},"end":{"line":509,"column":null}},"line":458},"17":{"name":"(anonymous_17)","decl":{"start":{"line":460,"column":40},"end":{"line":460,"column":45}},"loc":{"start":{"line":460,"column":45},"end":{"line":460,"column":70}},"line":460},"18":{"name":"(anonymous_18)","decl":{"start":{"line":461,"column":38},"end":{"line":461,"column":43}},"loc":{"start":{"line":461,"column":43},"end":{"line":461,"column":65}},"line":461},"19":{"name":"(anonymous_19)","decl":{"start":{"line":462,"column":48},"end":{"line":462,"column":53}},"loc":{"start":{"line":462,"column":53},"end":{"line":462,"column":84}},"line":462},"20":{"name":"(anonymous_20)","decl":{"start":{"line":463,"column":39},"end":{"line":463,"column":44}},"loc":{"start":{"line":463,"column":44},"end":{"line":463,"column":69}},"line":463},"21":{"name":"(anonymous_21)","decl":{"start":{"line":466,"column":50},"end":{"line":466,"column":51}},"loc":{"start":{"line":466,"column":66},"end":{"line":473,"column":5}},"line":466},"22":{"name":"(anonymous_22)","decl":{"start":{"line":468,"column":36},"end":{"line":468,"column":41}},"loc":{"start":{"line":468,"column":41},"end":{"line":468,"column":65}},"line":468},"23":{"name":"(anonymous_23)","decl":{"start":{"line":490,"column":47},"end":{"line":490,"column":52}},"loc":{"start":{"line":490,"column":52},"end":{"line":494,"column":3}},"line":490}},"branchMap":{"0":{"loc":{"start":{"line":44,"column":8},"end":{"line":44,"column":null}},"type":"if","locations":[{"start":{"line":44,"column":8},"end":{"line":44,"column":null}},{"start":{},"end":{}}],"line":44},"1":{"loc":{"start":{"line":46,"column":29},"end":{"line":46,"column":null}},"type":"binary-expr","locations":[{"start":{"line":46,"column":29},"end":{"line":46,"column":53}},{"start":{"line":46,"column":53},"end":{"line":46,"column":null}}],"line":46},"2":{"loc":{"start":{"line":47,"column":29},"end":{"line":47,"column":null}},"type":"binary-expr","locations":[{"start":{"line":47,"column":29},"end":{"line":47,"column":53}},{"start":{"line":47,"column":53},"end":{"line":47,"column":null}}],"line":47},"3":{"loc":{"start":{"line":49,"column":8},"end":{"line":71,"column":null}},"type":"if","locations":[{"start":{"line":49,"column":8},"end":{"line":71,"column":null}},{"start":{"line":60,"column":8},"end":{"line":71,"column":null}}],"line":49},"4":{"loc":{"start":{"line":60,"column":8},"end":{"line":71,"column":null}},"type":"if","locations":[{"start":{"line":60,"column":8},"end":{"line":71,"column":null}},{"start":{},"end":{}}],"line":60},"5":{"loc":{"start":{"line":77,"column":8},"end":{"line":79,"column":null}},"type":"if","locations":[{"start":{"line":77,"column":8},"end":{"line":79,"column":null}},{"start":{},"end":{}}],"line":77},"6":{"loc":{"start":{"line":80,"column":16},"end":{"line":80,"column":40}},"type":"binary-expr","locations":[{"start":{"line":80,"column":16},"end":{"line":80,"column":34}},{"start":{"line":80,"column":34},"end":{"line":80,"column":40}}],"line":80},"7":{"loc":{"start":{"line":80,"column":40},"end":{"line":80,"column":null}},"type":"binary-expr","locations":[{"start":{"line":80,"column":40},"end":{"line":80,"column":58}},{"start":{"line":80,"column":58},"end":{"line":80,"column":null}}],"line":80},"8":{"loc":{"start":{"line":117,"column":18},"end":{"line":117,"column":null}},"type":"binary-expr","locations":[{"start":{"line":117,"column":18},"end":{"line":117,"column":31}},{"start":{"line":117,"column":18},"end":{"line":117,"column":null}}],"line":117},"9":{"loc":{"start":{"line":118,"column":33},"end":{"line":118,"column":null}},"type":"binary-expr","locations":[{"start":{"line":118,"column":33},"end":{"line":118,"column":47}},{"start":{"line":118,"column":47},"end":{"line":118,"column":null}}],"line":118},"10":{"loc":{"start":{"line":124,"column":8},"end":{"line":124,"column":null}},"type":"if","locations":[{"start":{"line":124,"column":8},"end":{"line":124,"column":null}},{"start":{},"end":{}}],"line":124},"11":{"loc":{"start":{"line":126,"column":29},"end":{"line":126,"column":null}},"type":"binary-expr","locations":[{"start":{"line":126,"column":29},"end":{"line":126,"column":53}},{"start":{"line":126,"column":53},"end":{"line":126,"column":null}}],"line":126},"12":{"loc":{"start":{"line":127,"column":30},"end":{"line":127,"column":null}},"type":"binary-expr","locations":[{"start":{"line":127,"column":30},"end":{"line":127,"column":55}},{"start":{"line":127,"column":55},"end":{"line":127,"column":null}}],"line":127},"13":{"loc":{"start":{"line":128,"column":25},"end":{"line":128,"column":null}},"type":"binary-expr","locations":[{"start":{"line":128,"column":25},"end":{"line":128,"column":60}},{"start":{"line":128,"column":60},"end":{"line":128,"column":null}}],"line":128},"14":{"loc":{"start":{"line":133,"column":8},"end":{"line":149,"column":null}},"type":"if","locations":[{"start":{"line":133,"column":8},"end":{"line":149,"column":null}},{"start":{},"end":{}}],"line":133},"15":{"loc":{"start":{"line":133,"column":12},"end":{"line":133,"column":50}},"type":"binary-expr","locations":[{"start":{"line":133,"column":12},"end":{"line":133,"column":36}},{"start":{"line":133,"column":36},"end":{"line":133,"column":50}}],"line":133},"16":{"loc":{"start":{"line":137,"column":12},"end":{"line":148,"column":null}},"type":"if","locations":[{"start":{"line":137,"column":12},"end":{"line":148,"column":null}},{"start":{},"end":{}}],"line":137},"17":{"loc":{"start":{"line":137,"column":16},"end":{"line":137,"column":75}},"type":"binary-expr","locations":[{"start":{"line":137,"column":16},"end":{"line":137,"column":57}},{"start":{"line":137,"column":57},"end":{"line":137,"column":75}}],"line":137},"18":{"loc":{"start":{"line":167,"column":72},"end":{"line":167,"column":98}},"type":"binary-expr","locations":[{"start":{"line":167,"column":72},"end":{"line":167,"column":96}},{"start":{"line":167,"column":96},"end":{"line":167,"column":98}}],"line":167},"19":{"loc":{"start":{"line":182,"column":8},"end":{"line":182,"column":null}},"type":"if","locations":[{"start":{"line":182,"column":8},"end":{"line":182,"column":null}},{"start":{},"end":{}}],"line":182},"20":{"loc":{"start":{"line":182,"column":12},"end":{"line":182,"column":81}},"type":"binary-expr","locations":[{"start":{"line":182,"column":12},"end":{"line":182,"column":27}},{"start":{"line":182,"column":27},"end":{"line":182,"column":47}},{"start":{"line":182,"column":47},"end":{"line":182,"column":81}}],"line":182},"21":{"loc":{"start":{"line":190,"column":8},"end":{"line":216,"column":null}},"type":"if","locations":[{"start":{"line":190,"column":8},"end":{"line":216,"column":null}},{"start":{"line":201,"column":8},"end":{"line":216,"column":null}}],"line":190},"22":{"loc":{"start":{"line":201,"column":8},"end":{"line":216,"column":null}},"type":"if","locations":[{"start":{"line":201,"column":8},"end":{"line":216,"column":null}},{"start":{},"end":{}}],"line":201},"23":{"loc":{"start":{"line":203,"column":29},"end":{"line":203,"column":null}},"type":"cond-expr","locations":[{"start":{"line":203,"column":45},"end":{"line":203,"column":57}},{"start":{"line":203,"column":57},"end":{"line":203,"column":null}}],"line":203},"24":{"loc":{"start":{"line":209,"column":25},"end":{"line":211,"column":null}},"type":"cond-expr","locations":[{"start":{"line":210,"column":22},"end":{"line":210,"column":null}},{"start":{"line":211,"column":22},"end":{"line":211,"column":null}}],"line":209},"25":{"loc":{"start":{"line":211,"column":84},"end":{"line":211,"column":107}},"type":"cond-expr","locations":[{"start":{"line":211,"column":99},"end":{"line":211,"column":105}},{"start":{"line":211,"column":105},"end":{"line":211,"column":107}}],"line":211},"26":{"loc":{"start":{"line":212,"column":28},"end":{"line":212,"column":null}},"type":"cond-expr","locations":[{"start":{"line":212,"column":44},"end":{"line":212,"column":79}},{"start":{"line":212,"column":79},"end":{"line":212,"column":null}}],"line":212},"27":{"loc":{"start":{"line":222,"column":8},"end":{"line":224,"column":null}},"type":"if","locations":[{"start":{"line":222,"column":8},"end":{"line":224,"column":null}},{"start":{},"end":{}}],"line":222},"28":{"loc":{"start":{"line":226,"column":22},"end":{"line":226,"column":null}},"type":"binary-expr","locations":[{"start":{"line":226,"column":22},"end":{"line":226,"column":39}},{"start":{"line":226,"column":39},"end":{"line":226,"column":null}}],"line":226},"29":{"loc":{"start":{"line":226,"column":41},"end":{"line":226,"column":null}},"type":"binary-expr","locations":[{"start":{"line":226,"column":41},"end":{"line":226,"column":59}},{"start":{"line":226,"column":59},"end":{"line":226,"column":null}}],"line":226},"30":{"loc":{"start":{"line":227,"column":22},"end":{"line":227,"column":null}},"type":"binary-expr","locations":[{"start":{"line":227,"column":22},"end":{"line":227,"column":39}},{"start":{"line":227,"column":39},"end":{"line":227,"column":null}}],"line":227},"31":{"loc":{"start":{"line":227,"column":41},"end":{"line":227,"column":null}},"type":"binary-expr","locations":[{"start":{"line":227,"column":41},"end":{"line":227,"column":59}},{"start":{"line":227,"column":59},"end":{"line":227,"column":null}}],"line":227},"32":{"loc":{"start":{"line":257,"column":23},"end":{"line":257,"column":null}},"type":"binary-expr","locations":[{"start":{"line":257,"column":23},"end":{"line":257,"column":48}},{"start":{"line":257,"column":48},"end":{"line":257,"column":null}}],"line":257},"33":{"loc":{"start":{"line":258,"column":40},"end":{"line":258,"column":null}},"type":"binary-expr","locations":[{"start":{"line":258,"column":40},"end":{"line":258,"column":62}},{"start":{"line":258,"column":62},"end":{"line":258,"column":null}}],"line":258},"34":{"loc":{"start":{"line":260,"column":36},"end":{"line":260,"column":69}},"type":"binary-expr","locations":[{"start":{"line":260,"column":36},"end":{"line":260,"column":64}},{"start":{"line":260,"column":64},"end":{"line":260,"column":69}}],"line":260},"35":{"loc":{"start":{"line":262,"column":8},"end":{"line":262,"column":null}},"type":"if","locations":[{"start":{"line":262,"column":8},"end":{"line":262,"column":null}},{"start":{},"end":{}}],"line":262},"36":{"loc":{"start":{"line":266,"column":8},"end":{"line":275,"column":null}},"type":"if","locations":[{"start":{"line":266,"column":8},"end":{"line":275,"column":null}},{"start":{},"end":{}}],"line":266},"37":{"loc":{"start":{"line":270,"column":12},"end":{"line":274,"column":null}},"type":"if","locations":[{"start":{"line":270,"column":12},"end":{"line":274,"column":null}},{"start":{"line":272,"column":12},"end":{"line":274,"column":null}}],"line":270},"38":{"loc":{"start":{"line":272,"column":12},"end":{"line":274,"column":null}},"type":"if","locations":[{"start":{"line":272,"column":12},"end":{"line":274,"column":null}},{"start":{},"end":{}}],"line":272},"39":{"loc":{"start":{"line":289,"column":47},"end":{"line":289,"column":88}},"type":"default-arg","locations":[{"start":{"line":289,"column":73},"end":{"line":289,"column":88}}],"line":289},"40":{"loc":{"start":{"line":297,"column":4},"end":{"line":297,"column":null}},"type":"if","locations":[{"start":{"line":297,"column":4},"end":{"line":297,"column":null}},{"start":{},"end":{}}],"line":297},"41":{"loc":{"start":{"line":298,"column":4},"end":{"line":298,"column":null}},"type":"if","locations":[{"start":{"line":298,"column":4},"end":{"line":298,"column":null}},{"start":{},"end":{}}],"line":298},"42":{"loc":{"start":{"line":314,"column":4},"end":{"line":314,"column":null}},"type":"if","locations":[{"start":{"line":314,"column":4},"end":{"line":314,"column":null}},{"start":{},"end":{}}],"line":314},"43":{"loc":{"start":{"line":316,"column":25},"end":{"line":316,"column":null}},"type":"binary-expr","locations":[{"start":{"line":316,"column":25},"end":{"line":316,"column":49}},{"start":{"line":316,"column":49},"end":{"line":316,"column":null}}],"line":316},"44":{"loc":{"start":{"line":317,"column":25},"end":{"line":317,"column":null}},"type":"binary-expr","locations":[{"start":{"line":317,"column":25},"end":{"line":317,"column":49}},{"start":{"line":317,"column":49},"end":{"line":317,"column":null}}],"line":317},"45":{"loc":{"start":{"line":334,"column":4},"end":{"line":349,"column":null}},"type":"if","locations":[{"start":{"line":334,"column":4},"end":{"line":349,"column":null}},{"start":{},"end":{}}],"line":334},"46":{"loc":{"start":{"line":334,"column":8},"end":{"line":334,"column":58}},"type":"binary-expr","locations":[{"start":{"line":334,"column":8},"end":{"line":334,"column":40}},{"start":{"line":334,"column":40},"end":{"line":334,"column":58}}],"line":334},"47":{"loc":{"start":{"line":337,"column":17},"end":{"line":337,"column":null}},"type":"cond-expr","locations":[{"start":{"line":337,"column":54},"end":{"line":337,"column":67}},{"start":{"line":337,"column":67},"end":{"line":337,"column":null}}],"line":337},"48":{"loc":{"start":{"line":343,"column":6},"end":{"line":348,"column":null}},"type":"if","locations":[{"start":{"line":343,"column":6},"end":{"line":348,"column":null}},{"start":{},"end":{}}],"line":343},"49":{"loc":{"start":{"line":343,"column":10},"end":{"line":343,"column":68}},"type":"binary-expr","locations":[{"start":{"line":343,"column":10},"end":{"line":343,"column":29}},{"start":{"line":343,"column":29},"end":{"line":343,"column":68}}],"line":343},"50":{"loc":{"start":{"line":345,"column":8},"end":{"line":347,"column":null}},"type":"if","locations":[{"start":{"line":345,"column":8},"end":{"line":347,"column":null}},{"start":{},"end":{}}],"line":345},"51":{"loc":{"start":{"line":352,"column":4},"end":{"line":364,"column":null}},"type":"if","locations":[{"start":{"line":352,"column":4},"end":{"line":364,"column":null}},{"start":{},"end":{}}],"line":352},"52":{"loc":{"start":{"line":361,"column":6},"end":{"line":363,"column":null}},"type":"if","locations":[{"start":{"line":361,"column":6},"end":{"line":363,"column":null}},{"start":{},"end":{}}],"line":361},"53":{"loc":{"start":{"line":361,"column":10},"end":{"line":361,"column":68}},"type":"binary-expr","locations":[{"start":{"line":361,"column":10},"end":{"line":361,"column":29}},{"start":{"line":361,"column":29},"end":{"line":361,"column":68}}],"line":361},"54":{"loc":{"start":{"line":367,"column":4},"end":{"line":380,"column":null}},"type":"if","locations":[{"start":{"line":367,"column":4},"end":{"line":380,"column":null}},{"start":{},"end":{}}],"line":367},"55":{"loc":{"start":{"line":367,"column":8},"end":{"line":367,"column":82}},"type":"binary-expr","locations":[{"start":{"line":367,"column":8},"end":{"line":367,"column":27}},{"start":{"line":367,"column":27},"end":{"line":367,"column":68}},{"start":{"line":367,"column":68},"end":{"line":367,"column":82}}],"line":367},"56":{"loc":{"start":{"line":371,"column":6},"end":{"line":379,"column":null}},"type":"if","locations":[{"start":{"line":371,"column":6},"end":{"line":379,"column":null}},{"start":{},"end":{}}],"line":371},"57":{"loc":{"start":{"line":371,"column":10},"end":{"line":371,"column":61}},"type":"binary-expr","locations":[{"start":{"line":371,"column":10},"end":{"line":371,"column":37}},{"start":{"line":371,"column":37},"end":{"line":371,"column":61}}],"line":371},"58":{"loc":{"start":{"line":383,"column":4},"end":{"line":396,"column":null}},"type":"if","locations":[{"start":{"line":383,"column":4},"end":{"line":396,"column":null}},{"start":{},"end":{}}],"line":383},"59":{"loc":{"start":{"line":383,"column":8},"end":{"line":383,"column":83}},"type":"binary-expr","locations":[{"start":{"line":383,"column":8},"end":{"line":383,"column":26}},{"start":{"line":383,"column":26},"end":{"line":383,"column":69}},{"start":{"line":383,"column":69},"end":{"line":383,"column":83}}],"line":383},"60":{"loc":{"start":{"line":385,"column":35},"end":{"line":385,"column":null}},"type":"binary-expr","locations":[{"start":{"line":385,"column":35},"end":{"line":385,"column":49}},{"start":{"line":385,"column":49},"end":{"line":385,"column":null}}],"line":385},"61":{"loc":{"start":{"line":387,"column":6},"end":{"line":395,"column":null}},"type":"if","locations":[{"start":{"line":387,"column":6},"end":{"line":395,"column":null}},{"start":{},"end":{}}],"line":387},"62":{"loc":{"start":{"line":387,"column":10},"end":{"line":387,"column":63}},"type":"binary-expr","locations":[{"start":{"line":387,"column":10},"end":{"line":387,"column":34}},{"start":{"line":387,"column":34},"end":{"line":387,"column":63}}],"line":387},"63":{"loc":{"start":{"line":398,"column":4},"end":{"line":430,"column":null}},"type":"if","locations":[{"start":{"line":398,"column":4},"end":{"line":430,"column":null}},{"start":{},"end":{}}],"line":398},"64":{"loc":{"start":{"line":401,"column":6},"end":{"line":405,"column":null}},"type":"if","locations":[{"start":{"line":401,"column":6},"end":{"line":405,"column":null}},{"start":{},"end":{}}],"line":401},"65":{"loc":{"start":{"line":409,"column":6},"end":{"line":412,"column":null}},"type":"if","locations":[{"start":{"line":409,"column":6},"end":{"line":412,"column":null}},{"start":{},"end":{}}],"line":409},"66":{"loc":{"start":{"line":409,"column":10},"end":{"line":409,"column":64}},"type":"binary-expr","locations":[{"start":{"line":409,"column":10},"end":{"line":409,"column":28}},{"start":{"line":409,"column":28},"end":{"line":409,"column":64}}],"line":409},"67":{"loc":{"start":{"line":436,"column":4},"end":{"line":438,"column":null}},"type":"if","locations":[{"start":{"line":436,"column":4},"end":{"line":438,"column":null}},{"start":{},"end":{}}],"line":436},"68":{"loc":{"start":{"line":439,"column":12},"end":{"line":439,"column":36}},"type":"binary-expr","locations":[{"start":{"line":439,"column":12},"end":{"line":439,"column":30}},{"start":{"line":439,"column":30},"end":{"line":439,"column":36}}],"line":439},"69":{"loc":{"start":{"line":439,"column":36},"end":{"line":439,"column":null}},"type":"binary-expr","locations":[{"start":{"line":439,"column":36},"end":{"line":439,"column":54}},{"start":{"line":439,"column":54},"end":{"line":439,"column":null}}],"line":439},"70":{"loc":{"start":{"line":467,"column":4},"end":{"line":471,"column":null}},"type":"if","locations":[{"start":{"line":467,"column":4},"end":{"line":471,"column":null}},{"start":{},"end":{}}],"line":467},"71":{"loc":{"start":{"line":469,"column":19},"end":{"line":469,"column":null}},"type":"binary-expr","locations":[{"start":{"line":469,"column":19},"end":{"line":469,"column":41}},{"start":{"line":469,"column":41},"end":{"line":469,"column":65}},{"start":{"line":469,"column":65},"end":{"line":469,"column":null}}],"line":469},"72":{"loc":{"start":{"line":478,"column":2},"end":{"line":480,"column":null}},"type":"if","locations":[{"start":{"line":478,"column":2},"end":{"line":480,"column":null}},{"start":{},"end":{}}],"line":478},"73":{"loc":{"start":{"line":482,"column":2},"end":{"line":484,"column":null}},"type":"if","locations":[{"start":{"line":482,"column":2},"end":{"line":484,"column":null}},{"start":{},"end":{}}],"line":482},"74":{"loc":{"start":{"line":486,"column":2},"end":{"line":488,"column":null}},"type":"if","locations":[{"start":{"line":486,"column":2},"end":{"line":488,"column":null}},{"start":{},"end":{}}],"line":486},"75":{"loc":{"start":{"line":491,"column":4},"end":{"line":491,"column":null}},"type":"if","locations":[{"start":{"line":491,"column":4},"end":{"line":491,"column":null}},{"start":{},"end":{}}],"line":491},"76":{"loc":{"start":{"line":496,"column":2},"end":{"line":498,"column":null}},"type":"if","locations":[{"start":{"line":496,"column":2},"end":{"line":498,"column":null}},{"start":{},"end":{}}],"line":496}},"s":{"0":0,"1":0,"2":0,"3":0,"4":0,"5":0,"6":0,"7":0,"8":0,"9":0,"10":0,"11":0,"12":0,"13":0,"14":0,"15":0,"16":0,"17":0,"18":0,"19":0,"20":0,"21":0,"22":0,"23":0,"24":0,"25":0,"26":0,"27":0,"28":0,"29":0,"30":0,"31":0,"32":0,"33":0,"34":0,"35":0,"36":0,"37":0,"38":0,"39":0,"40":0,"41":0,"42":0,"43":0,"44":0,"45":0,"46":0,"47":0,"48":0,"49":0,"50":0,"51":0,"52":0,"53":0,"54":0,"55":0,"56":0,"57":0,"58":0,"59":0,"60":0,"61":0,"62":0,"63":0,"64":0,"65":0,"66":0,"67":0,"68":0,"69":0,"70":0,"71":0,"72":0,"73":0,"74":0,"75":0,"76":0,"77":0,"78":0,"79":0,"80":0,"81":0,"82":0,"83":0,"84":0,"85":0,"86":0,"87":0,"88":0,"89":0,"90":0,"91":0,"92":0,"93":0,"94":0,"95":0,"96":0,"97":0,"98":0,"99":0,"100":0,"101":0,"102":0,"103":0,"104":0,"105":0,"106":0,"107":0,"108":0,"109":0,"110":0,"111":0,"112":0,"113":0,"114":0,"115":0,"116":0,"117":0,"118":0,"119":0,"120":0,"121":0,"122":0,"123":0,"124":0,"125":0,"126":0,"127":0,"128":0,"129":0,"130":0,"131":0,"132":0,"133":0,"134":0,"135":0,"136":0,"137":0,"138":0,"139":0,"140":0,"141":0,"142":0,"143":0,"144":0,"145":0,"146":0,"147":0,"148":0,"149":0,"150":0,"151":0,"152":0,"153":0,"154":0,"155":0,"156":0,"157":0,"158":0,"159":0,"160":0,"161":0,"162":0,"163":0,"164":0,"165":0,"166":0,"167":0,"168":0,"169":0,"170":0,"171":0,"172":0,"173":0,"174":0,"175":0,"176":0,"177":0,"178":0,"179":0,"180":0,"181":0,"182":0,"183":0,"184":0,"185":0,"186":0,"187":0,"188":0,"189":0},"f":{"0":0,"1":0,"2":0,"3":0,"4":0,"5":0,"6":0,"7":0,"8":0,"9":0,"10":0,"11":0,"12":0,"13":0,"14":0,"15":0,"16":0,"17":0,"18":0,"19":0,"20":0,"21":0,"22":0,"23":0},"b":{"0":[0,0],"1":[0,0],"2":[0,0],"3":[0,0],"4":[0,0],"5":[0,0],"6":[0,0],"7":[0,0],"8":[0,0],"9":[0,0],"10":[0,0],"11":[0,0],"12":[0,0],"13":[0,0],"14":[0,0],"15":[0,0],"16":[0,0],"17":[0,0],"18":[0,0],"19":[0,0],"20":[0,0,0],"21":[0,0],"22":[0,0],"23":[0,0],"24":[0,0],"25":[0,0],"26":[0,0],"27":[0,0],"28":[0,0],"29":[0,0],"30":[0,0],"31":[0,0],"32":[0,0],"33":[0,0],"34":[0,0],"35":[0,0],"36":[0,0],"37":[0,0],"38":[0,0],"39":[0],"40":[0,0],"41":[0,0],"42":[0,0],"43":[0,0],"44":[0,0],"45":[0,0],"46":[0,0],"47":[0,0],"48":[0,0],"49":[0,0],"50":[0,0],"51":[0,0],"52":[0,0],"53":[0,0],"54":[0,0],"55":[0,0,0],"56":[0,0],"57":[0,0],"58":[0,0],"59":[0,0,0],"60":[0,0],"61":[0,0],"62":[0,0],"63":[0,0],"64":[0,0],"65":[0,0],"66":[0,0],"67":[0,0],"68":[0,0],"69":[0,0],"70":[0,0],"71":[0,0,0],"72":[0,0],"73":[0,0],"74":[0,0],"75":[0,0],"76":[0,0]},"meta":{"lastBranch":77,"lastFunction":24,"lastStatement":190,"seen":{"f:40:16:40:30":0,"s:41:33:41:Infinity":0,"s:43:4:72:Infinity":1,"b:44:8:44:Infinity:undefined:undefined:undefined:undefined":0,"s:44:8:44:Infinity":2,"s:44:38:44:Infinity":3,"s:46:29:46:Infinity":4,"b:46:29:46:53:46:53:46:Infinity":1,"s:47:29:47:Infinity":5,"b:47:29:47:53:47:53:47:Infinity":2,"b:49:8:71:Infinity:60:8:71:Infinity":3,"s:49:8:71:Infinity":6,"s:50:12:59:Infinity":7,"b:60:8:71:Infinity:undefined:undefined:undefined:undefined":4,"s:60:8:71:Infinity":8,"s:61:12:70:Infinity":9,"s:74:4:81:Infinity":10,"f:74:23:74:24":1,"s:76:30:76:Infinity":11,"b:77:8:79:Infinity:undefined:undefined:undefined:undefined":5,"s:77:8:79:Infinity":12,"s:78:12:78:Infinity":13,"s:80:8:80:Infinity":14,"b:80:16:80:34:80:34:80:40":6,"b:80:40:80:58:80:58:80:Infinity":7,"f:87:22:87:Infinity":2,"s:94:25:94:Infinity":15,"s:96:2:105:Infinity":16,"f:96:28:96:38":3,"s:96:38:105:4":17,"f:112:16:112:Infinity":4,"s:116:33:116:Infinity":18,"s:117:18:117:Infinity":19,"b:117:18:117:31:117:18:117:Infinity":8,"s:118:33:118:Infinity":20,"b:118:33:118:47:118:47:118:Infinity":9,"s:121:30:121:Infinity":21,"s:123:4:150:Infinity":22,"b:124:8:124:Infinity:undefined:undefined:undefined:undefined":10,"s:124:8:124:Infinity":23,"s:124:38:124:Infinity":24,"s:126:29:126:Infinity":25,"b:126:29:126:53:126:53:126:Infinity":11,"s:127:30:127:Infinity":26,"b:127:30:127:55:127:55:127:Infinity":12,"s:128:25:128:Infinity":27,"b:128:25:128:60:128:60:128:Infinity":13,"s:131:29:131:Infinity":28,"f:131:52:131:57":5,"s:131:57:131:91":29,"b:133:8:149:Infinity:undefined:undefined:undefined:undefined":14,"s:133:8:149:Infinity":30,"b:133:12:133:36:133:36:133:50":15,"s:135:43:135:Infinity":31,"b:137:12:148:Infinity:undefined:undefined:undefined:undefined":16,"s:137:12:148:Infinity":32,"b:137:16:137:57:137:57:137:75":17,"s:138:16:147:Infinity":33,"s:152:4:152:Infinity":34,"f:158:16:158:Infinity":6,"s:161:4:170:Infinity":35,"f:161:31:161:32":7,"s:161:79:170:6":36,"b:167:72:167:96:167:96:167:98":18,"f:176:16:176:37":8,"s:177:35:177:Infinity":37,"s:178:18:178:Infinity":38,"s:179:4:179:Infinity":39,"s:181:4:217:Infinity":40,"b:182:8:182:Infinity:undefined:undefined:undefined:undefined":19,"s:182:8:182:Infinity":41,"b:182:12:182:27:182:27:182:47:182:47:182:81":20,"s:182:81:182:Infinity":42,"s:184:24:184:Infinity":43,"s:185:8:185:Infinity":44,"s:187:25:187:Infinity":45,"s:188:25:188:Infinity":46,"b:190:8:216:Infinity:201:8:216:Infinity":21,"s:190:8:216:Infinity":47,"s:192:12:200:Infinity":48,"b:201:8:216:Infinity:undefined:undefined:undefined:undefined":22,"s:201:8:216:Infinity":49,"s:203:29:203:Infinity":50,"b:203:45:203:57:203:57:203:Infinity":23,"s:204:12:215:Infinity":51,"b:210:22:210:Infinity:211:22:211:Infinity":24,"b:211:99:211:105:211:105:211:107":25,"b:212:44:212:79:212:79:212:Infinity":26,"s:219:4:229:Infinity":52,"f:219:23:219:24":9,"s:221:30:221:Infinity":53,"b:222:8:224:Infinity:undefined:undefined:undefined:undefined":27,"s:222:8:224:Infinity":54,"s:223:12:223:Infinity":55,"s:226:22:226:Infinity":56,"b:226:22:226:39:226:39:226:Infinity":28,"b:226:41:226:59:226:59:226:Infinity":29,"s:227:22:227:Infinity":57,"b:227:22:227:39:227:39:227:Infinity":30,"b:227:41:227:59:227:59:227:Infinity":31,"s:228:8:228:Infinity":58,"f:235:16:235:41":10,"s:241:18:241:Infinity":59,"s:242:4:242:Infinity":60,"s:243:24:243:Infinity":61,"s:244:4:244:Infinity":62,"s:246:23:246:Infinity":63,"s:247:22:247:Infinity":64,"s:248:23:248:Infinity":65,"s:249:53:254:Infinity":66,"s:256:4:276:Infinity":67,"s:257:23:257:Infinity":68,"b:257:23:257:48:257:48:257:Infinity":32,"s:258:23:258:Infinity":69,"b:258:40:258:62:258:62:258:Infinity":33,"s:260:8:260:Infinity":70,"b:260:36:260:64:260:64:260:69":34,"b:262:8:262:Infinity:undefined:undefined:undefined:undefined":35,"s:262:8:262:Infinity":71,"s:262:31:262:Infinity":72,"s:264:8:264:Infinity":73,"b:266:8:275:Infinity:undefined:undefined:undefined:undefined":36,"s:266:8:275:Infinity":74,"s:267:28:267:Infinity":75,"s:268:12:268:Infinity":76,"b:270:12:274:Infinity:272:12:274:Infinity":37,"s:270:12:274:Infinity":77,"s:271:16:271:Infinity":78,"b:272:12:274:Infinity:undefined:undefined:undefined:undefined":38,"s:272:12:274:Infinity":79,"s:273:16:273:Infinity":80,"s:278:4:283:Infinity":81,"f:289:16:289:31":11,"b:289:73:289:88":39,"s:290:4:290:Infinity":82,"f:296:16:296:29":12,"b:297:4:297:Infinity:undefined:undefined:undefined:undefined":40,"s:297:4:297:Infinity":83,"s:297:39:297:Infinity":84,"b:298:4:298:Infinity:undefined:undefined:undefined:undefined":41,"s:298:4:298:Infinity":85,"s:298:38:298:Infinity":86,"s:299:4:299:Infinity":87,"f:305:22:305:Infinity":13,"s:311:39:311:Infinity":88,"s:313:2:431:Infinity":89,"b:314:4:314:Infinity:undefined:undefined:undefined:undefined":42,"s:314:4:314:Infinity":90,"s:314:21:314:Infinity":91,"s:316:25:316:Infinity":92,"b:316:25:316:49:316:49:316:Infinity":43,"s:317:25:317:Infinity":93,"b:317:25:317:49:317:49:317:Infinity":44,"s:320:10:320:Infinity":94,"s:321:10:321:Infinity":95,"s:322:10:322:Infinity":96,"s:323:10:323:Infinity":97,"s:326:22:326:Infinity":98,"s:327:52:327:Infinity":99,"s:328:40:328:Infinity":100,"s:329:18:329:Infinity":101,"s:330:22:330:Infinity":102,"s:331:28:331:Infinity":103,"b:334:4:349:Infinity:undefined:undefined:undefined:undefined":45,"s:334:4:349:Infinity":104,"b:334:8:334:40:334:40:334:58":46,"s:335:6:335:Infinity":105,"s:336:6:336:Infinity":106,"s:337:6:337:Infinity":107,"b:337:54:337:67:337:67:337:Infinity":47,"s:338:6:338:Infinity":108,"s:340:6:340:Infinity":109,"s:341:6:341:Infinity":110,"b:343:6:348:Infinity:undefined:undefined:undefined:undefined":48,"s:343:6:348:Infinity":111,"b:343:10:343:29:343:29:343:68":49,"s:344:35:344:Infinity":112,"b:345:8:347:Infinity:undefined:undefined:undefined:undefined":50,"s:345:8:347:Infinity":113,"s:346:10:346:Infinity":114,"b:352:4:364:Infinity:undefined:undefined:undefined:undefined":51,"s:352:4:364:Infinity":115,"s:353:6:353:Infinity":116,"s:354:6:354:Infinity":117,"s:355:6:355:Infinity":118,"s:356:6:356:Infinity":119,"s:358:6:358:Infinity":120,"s:359:6:359:Infinity":121,"b:361:6:363:Infinity:undefined:undefined:undefined:undefined":52,"s:361:6:363:Infinity":122,"b:361:10:361:29:361:29:361:68":53,"s:362:8:362:Infinity":123,"b:367:4:380:Infinity:undefined:undefined:undefined:undefined":54,"s:367:4:380:Infinity":124,"b:367:8:367:27:367:27:367:68:367:68:367:82":55,"s:368:33:368:Infinity":125,"s:369:33:369:Infinity":126,"b:371:6:379:Infinity:undefined:undefined:undefined:undefined":56,"s:371:6:379:Infinity":127,"b:371:10:371:37:371:37:371:61":57,"s:372:8:372:Infinity":128,"s:373:8:373:Infinity":129,"s:374:8:374:Infinity":130,"s:375:8:375:Infinity":131,"s:377:8:377:Infinity":132,"s:378:8:378:Infinity":133,"b:383:4:396:Infinity:undefined:undefined:undefined:undefined":58,"s:383:4:396:Infinity":134,"b:383:8:383:26:383:26:383:69:383:69:383:83":59,"s:384:12:384:Infinity":135,"s:385:35:385:Infinity":136,"b:385:35:385:49:385:49:385:Infinity":60,"b:387:6:395:Infinity:undefined:undefined:undefined:undefined":61,"s:387:6:395:Infinity":137,"b:387:10:387:34:387:34:387:63":62,"s:388:8:388:Infinity":138,"s:389:8:389:Infinity":139,"s:390:8:390:Infinity":140,"s:391:8:391:Infinity":141,"s:393:8:393:Infinity":142,"s:394:8:394:Infinity":143,"b:398:4:430:Infinity:undefined:undefined:undefined:undefined":63,"s:398:4:430:Infinity":144,"b:401:6:405:Infinity:undefined:undefined:undefined:undefined":64,"s:401:6:405:Infinity":145,"s:402:29:402:Infinity":146,"s:403:8:403:Infinity":147,"s:404:8:404:Infinity":148,"b:409:6:412:Infinity:undefined:undefined:undefined:undefined":65,"s:409:6:412:Infinity":149,"b:409:10:409:28:409:28:409:64":66,"s:410:25:410:Infinity":150,"s:411:8:411:Infinity":151,"f:411:81:411:86":14,"s:411:86:411:97":152,"s:414:6:429:Infinity":153,"s:433:2:440:Infinity":154,"f:433:21:433:22":15,"s:435:26:435:Infinity":155,"b:436:4:438:Infinity:undefined:undefined:undefined:undefined":67,"s:436:4:438:Infinity":156,"s:437:6:437:Infinity":157,"s:439:4:439:Infinity":158,"b:439:12:439:30:439:30:439:36":68,"b:439:36:439:54:439:54:439:Infinity":69,"f:446:16:446:Infinity":16,"s:459:24:459:Infinity":159,"s:460:26:460:Infinity":160,"f:460:40:460:45":17,"s:460:45:460:70":161,"s:461:24:461:Infinity":162,"f:461:38:461:43":18,"s:461:43:461:65":163,"s:462:34:462:Infinity":164,"f:462:48:462:53":19,"s:462:53:462:84":165,"s:463:25:463:Infinity":166,"f:463:39:463:44":20,"s:463:44:463:69":167,"s:466:36:473:Infinity":168,"f:466:50:466:51":21,"b:467:4:471:Infinity:undefined:undefined:undefined:undefined":70,"s:467:4:471:Infinity":169,"s:468:22:468:Infinity":170,"f:468:36:468:41":22,"s:468:41:468:65":171,"s:469:19:469:Infinity":172,"b:469:19:469:41:469:41:469:65:469:65:469:Infinity":71,"s:470:6:470:Infinity":173,"s:472:4:472:Infinity":174,"s:476:29:476:Infinity":175,"b:478:2:480:Infinity:undefined:undefined:undefined:undefined":72,"s:478:2:480:Infinity":176,"s:479:4:479:Infinity":177,"b:482:2:484:Infinity:undefined:undefined:undefined:undefined":73,"s:482:2:484:Infinity":178,"s:483:4:483:Infinity":179,"b:486:2:488:Infinity:undefined:undefined:undefined:undefined":74,"s:486:2:488:Infinity":180,"s:487:4:487:Infinity":181,"s:490:31:494:Infinity":182,"f:490:47:490:52":23,"b:491:4:491:Infinity:undefined:undefined:undefined:undefined":75,"s:491:4:491:Infinity":183,"s:491:15:491:Infinity":184,"s:492:10:492:Infinity":185,"s:493:4:493:Infinity":186,"b:496:2:498:Infinity:undefined:undefined:undefined:undefined":76,"s:496:2:498:Infinity":187,"s:497:4:497:Infinity":188,"s:500:2:508:Infinity":189}}}
,"/Users/gonzaloquintana/Documents/Dev Tests/Mini Market 2/src/lib/auth.ts": {"path":"/Users/gonzaloquintana/Documents/Dev Tests/Mini Market 2/src/lib/auth.ts","statementMap":{"0":{"start":{"line":10,"column":19},"end":{"line":10,"column":null}},"1":{"start":{"line":11,"column":27},"end":{"line":11,"column":null}},"2":{"start":{"line":13,"column":4},"end":{"line":41,"column":null}},"3":{"start":{"line":18,"column":12},"end":{"line":18,"column":null}},"4":{"start":{"line":19,"column":12},"end":{"line":19,"column":null}},"5":{"start":{"line":19,"column":25},"end":{"line":19,"column":null}},"6":{"start":{"line":20,"column":12},"end":{"line":20,"column":null}},"7":{"start":{"line":23,"column":12},"end":{"line":23,"column":null}},"8":{"start":{"line":24,"column":12},"end":{"line":27,"column":null}},"9":{"start":{"line":25,"column":16},"end":{"line":25,"column":null}},"10":{"start":{"line":26,"column":16},"end":{"line":26,"column":null}},"11":{"start":{"line":28,"column":12},"end":{"line":28,"column":null}},"12":{"start":{"line":29,"column":12},"end":{"line":29,"column":null}},"13":{"start":{"line":32,"column":12},"end":{"line":32,"column":null}},"14":{"start":{"line":33,"column":12},"end":{"line":39,"column":null}},"15":{"start":{"line":34,"column":16},"end":{"line":38,"column":null}},"16":{"start":{"line":35,"column":20},"end":{"line":35,"column":null}},"17":{"start":{"line":37,"column":20},"end":{"line":37,"column":null}},"18":{"start":{"line":44,"column":31},"end":{"line":44,"column":null}},"19":{"start":{"line":49,"column":13},"end":{"line":49,"column":null}},"20":{"start":{"line":52,"column":13},"end":{"line":52,"column":null}},"21":{"start":{"line":57,"column":27},"end":{"line":57,"column":null}},"22":{"start":{"line":58,"column":29},"end":{"line":58,"column":null}},"23":{"start":{"line":59,"column":26},"end":{"line":59,"column":null}},"24":{"start":{"line":63,"column":4},"end":{"line":63,"column":null}},"25":{"start":{"line":63,"column":18},"end":{"line":63,"column":null}},"26":{"start":{"line":64,"column":16},"end":{"line":64,"column":null}},"27":{"start":{"line":65,"column":4},"end":{"line":65,"column":null}},"28":{"start":{"line":68,"column":4},"end":{"line":70,"column":null}},"29":{"start":{"line":69,"column":8},"end":{"line":69,"column":null}},"30":{"start":{"line":75,"column":4},"end":{"line":75,"column":null}},"31":{"start":{"line":75,"column":18},"end":{"line":75,"column":null}},"32":{"start":{"line":77,"column":25},"end":{"line":77,"column":null}},"33":{"start":{"line":78,"column":25},"end":{"line":78,"column":null}},"34":{"start":{"line":81,"column":4},"end":{"line":83,"column":null}},"35":{"start":{"line":82,"column":8},"end":{"line":82,"column":null}},"36":{"start":{"line":85,"column":16},"end":{"line":85,"column":null}},"37":{"start":{"line":86,"column":29},"end":{"line":86,"column":null}},"38":{"start":{"line":87,"column":29},"end":{"line":87,"column":null}},"39":{"start":{"line":88,"column":30},"end":{"line":88,"column":null}},"40":{"start":{"line":89,"column":27},"end":{"line":89,"column":null}},"41":{"start":{"line":93,"column":4},"end":{"line":95,"column":null}},"42":{"start":{"line":94,"column":8},"end":{"line":94,"column":null}},"43":{"start":{"line":97,"column":26},"end":{"line":97,"column":null}},"44":{"start":{"line":98,"column":4},"end":{"line":98,"column":null}},"45":{"start":{"line":103,"column":4},"end":{"line":103,"column":null}},"46":{"start":{"line":103,"column":18},"end":{"line":103,"column":null}},"47":{"start":{"line":104,"column":4},"end":{"line":104,"column":null}},"48":{"start":{"line":105,"column":4},"end":{"line":105,"column":null}},"49":{"start":{"line":110,"column":10},"end":{"line":110,"column":null}},"50":{"start":{"line":111,"column":4},"end":{"line":111,"column":null}},"51":{"start":{"line":111,"column":15},"end":{"line":111,"column":null}},"52":{"start":{"line":112,"column":4},"end":{"line":112,"column":null}},"53":{"start":{"line":116,"column":13},"end":{"line":123,"column":null}},"54":{"start":{"line":117,"column":24},"end":{"line":117,"column":null}},"55":{"start":{"line":118,"column":4},"end":{"line":122,"column":null}},"56":{"start":{"line":119,"column":44},"end":{"line":119,"column":null}},"57":{"start":{"line":120,"column":47},"end":{"line":120,"column":null}},"58":{"start":{"line":120,"column":63},"end":{"line":120,"column":81}},"59":{"start":{"line":121,"column":47},"end":{"line":121,"column":null}},"60":{"start":{"line":121,"column":64},"end":{"line":121,"column":82}},"61":{"start":{"line":132,"column":27},"end":{"line":132,"column":null}},"62":{"start":{"line":133,"column":25},"end":{"line":133,"column":null}},"63":{"start":{"line":134,"column":23},"end":{"line":134,"column":null}},"64":{"start":{"line":139,"column":4},"end":{"line":139,"column":null}},"65":{"start":{"line":143,"column":4},"end":{"line":143,"column":null}},"66":{"start":{"line":143,"column":18},"end":{"line":143,"column":null}},"67":{"start":{"line":145,"column":16},"end":{"line":145,"column":null}},"68":{"start":{"line":146,"column":19},"end":{"line":146,"column":null}},"69":{"start":{"line":147,"column":16},"end":{"line":147,"column":null}},"70":{"start":{"line":149,"column":4},"end":{"line":151,"column":null}},"71":{"start":{"line":150,"column":8},"end":{"line":150,"column":null}},"72":{"start":{"line":153,"column":4},"end":{"line":187,"column":null}},"73":{"start":{"line":154,"column":39},"end":{"line":154,"column":null}},"74":{"start":{"line":157,"column":8},"end":{"line":163,"column":null}},"75":{"start":{"line":158,"column":12},"end":{"line":162,"column":null}},"76":{"start":{"line":166,"column":8},"end":{"line":169,"column":null}},"77":{"start":{"line":167,"column":12},"end":{"line":167,"column":null}},"78":{"start":{"line":168,"column":12},"end":{"line":168,"column":null}},"79":{"start":{"line":172,"column":8},"end":{"line":175,"column":null}},"80":{"start":{"line":173,"column":12},"end":{"line":173,"column":null}},"81":{"start":{"line":174,"column":12},"end":{"line":174,"column":null}},"82":{"start":{"line":177,"column":26},"end":{"line":177,"column":null}},"83":{"start":{"line":179,"column":8},"end":{"line":182,"column":null}},"84":{"start":{"line":185,"column":8},"end":{"line":185,"column":null}},"85":{"start":{"line":186,"column":8},"end":{"line":186,"column":null}},"86":{"start":{"line":191,"column":4},"end":{"line":191,"column":null}},"87":{"start":{"line":191,"column":18},"end":{"line":191,"column":null}},"88":{"start":{"line":193,"column":16},"end":{"line":193,"column":null}},"89":{"start":{"line":194,"column":16},"end":{"line":194,"column":null}},"90":{"start":{"line":195,"column":19},"end":{"line":195,"column":null}},"91":{"start":{"line":199,"column":4},"end":{"line":211,"column":null}},"92":{"start":{"line":200,"column":8},"end":{"line":208,"column":null}},"93":{"start":{"line":201,"column":12},"end":{"line":201,"column":null}},"94":{"start":{"line":203,"column":12},"end":{"line":205,"column":null}},"95":{"start":{"line":204,"column":16},"end":{"line":204,"column":null}},"96":{"start":{"line":207,"column":12},"end":{"line":207,"column":null}},"97":{"start":{"line":210,"column":8},"end":{"line":210,"column":null}},"98":{"start":{"line":213,"column":4},"end":{"line":213,"column":null}},"99":{"start":{"line":214,"column":4},"end":{"line":214,"column":null}},"100":{"start":{"line":217,"column":4},"end":{"line":219,"column":null}},"101":{"start":{"line":218,"column":8},"end":{"line":218,"column":null}},"102":{"start":{"line":221,"column":4},"end":{"line":221,"column":null}},"103":{"start":{"line":225,"column":4},"end":{"line":225,"column":null}},"104":{"start":{"line":225,"column":18},"end":{"line":225,"column":null}},"105":{"start":{"line":226,"column":16},"end":{"line":226,"column":null}},"106":{"start":{"line":227,"column":4},"end":{"line":227,"column":null}},"107":{"start":{"line":233,"column":4},"end":{"line":233,"column":null}},"108":{"start":{"line":233,"column":18},"end":{"line":233,"column":null}},"109":{"start":{"line":236,"column":22},"end":{"line":236,"column":null}},"110":{"start":{"line":237,"column":4},"end":{"line":242,"column":null}},"111":{"start":{"line":238,"column":33},"end":{"line":240,"column":null}},"112":{"start":{"line":241,"column":8},"end":{"line":241,"column":null}},"113":{"start":{"line":244,"column":19},"end":{"line":244,"column":null}},"114":{"start":{"line":247,"column":17},"end":{"line":251,"column":null}},"115":{"start":{"line":250,"column":21},"end":{"line":250,"column":31}},"116":{"start":{"line":253,"column":4},"end":{"line":278,"column":null}},"117":{"start":{"line":255,"column":8},"end":{"line":255,"column":null}},"118":{"start":{"line":258,"column":21},"end":{"line":258,"column":null}},"119":{"start":{"line":261,"column":8},"end":{"line":261,"column":null}},"120":{"start":{"line":262,"column":8},"end":{"line":262,"column":null}},"121":{"start":{"line":263,"column":8},"end":{"line":263,"column":null}},"122":{"start":{"line":266,"column":8},"end":{"line":268,"column":null}},"123":{"start":{"line":267,"column":12},"end":{"line":267,"column":null}},"124":{"start":{"line":271,"column":8},"end":{"line":275,"column":null}},"125":{"start":{"line":272,"column":12},"end":{"line":272,"column":null}},"126":{"start":{"line":274,"column":12},"end":{"line":274,"column":null}},"127":{"start":{"line":277,"column":8},"end":{"line":277,"column":null}},"128":{"start":{"line":281,"column":4},"end":{"line":281,"column":null}},"129":{"start":{"line":283,"column":4},"end":{"line":283,"column":null}},"130":{"start":{"line":288,"column":25},"end":{"line":288,"column":null}},"131":{"start":{"line":289,"column":50},"end":{"line":289,"column":null}},"132":{"start":{"line":292,"column":4},"end":{"line":292,"column":null}},"133":{"start":{"line":292,"column":18},"end":{"line":292,"column":null}},"134":{"start":{"line":295,"column":4},"end":{"line":297,"column":null}},"135":{"start":{"line":296,"column":8},"end":{"line":296,"column":null}},"136":{"start":{"line":299,"column":4},"end":{"line":299,"column":null}},"137":{"start":{"line":300,"column":4},"end":{"line":392,"column":null}},"138":{"start":{"line":301,"column":8},"end":{"line":391,"column":null}},"139":{"start":{"line":303,"column":33},"end":{"line":303,"column":null}},"140":{"start":{"line":304,"column":12},"end":{"line":309,"column":null}},"141":{"start":{"line":306,"column":16},"end":{"line":306,"column":null}},"142":{"start":{"line":307,"column":16},"end":{"line":307,"column":null}},"143":{"start":{"line":308,"column":16},"end":{"line":308,"column":null}},"144":{"start":{"line":312,"column":40},"end":{"line":312,"column":null}},"145":{"start":{"line":315,"column":12},"end":{"line":315,"column":null}},"146":{"start":{"line":318,"column":12},"end":{"line":326,"column":null}},"147":{"start":{"line":319,"column":16},"end":{"line":325,"column":null}},"148":{"start":{"line":320,"column":20},"end":{"line":320,"column":null}},"149":{"start":{"line":323,"column":20},"end":{"line":323,"column":null}},"150":{"start":{"line":324,"column":20},"end":{"line":324,"column":null}},"151":{"start":{"line":329,"column":12},"end":{"line":335,"column":null}},"152":{"start":{"line":330,"column":39},"end":{"line":330,"column":null}},"153":{"start":{"line":331,"column":16},"end":{"line":334,"column":null}},"154":{"start":{"line":333,"column":20},"end":{"line":333,"column":null}},"155":{"start":{"line":337,"column":37},"end":{"line":337,"column":null}},"156":{"start":{"line":340,"column":12},"end":{"line":350,"column":null}},"157":{"start":{"line":343,"column":16},"end":{"line":348,"column":null}},"158":{"start":{"line":344,"column":20},"end":{"line":344,"column":null}},"159":{"start":{"line":345,"column":20},"end":{"line":345,"column":null}},"160":{"start":{"line":346,"column":20},"end":{"line":346,"column":null}},"161":{"start":{"line":347,"column":20},"end":{"line":347,"column":null}},"162":{"start":{"line":349,"column":16},"end":{"line":349,"column":null}},"163":{"start":{"line":353,"column":12},"end":{"line":381,"column":null}},"164":{"start":{"line":354,"column":31},"end":{"line":354,"column":null}},"165":{"start":{"line":355,"column":29},"end":{"line":355,"column":null}},"166":{"start":{"line":357,"column":16},"end":{"line":376,"column":null}},"167":{"start":{"line":358,"column":33},"end":{"line":358,"column":null}},"168":{"start":{"line":359,"column":20},"end":{"line":359,"column":null}},"169":{"start":{"line":360,"column":20},"end":{"line":360,"column":null}},"170":{"start":{"line":361,"column":20},"end":{"line":361,"column":null}},"171":{"start":{"line":364,"column":41},"end":{"line":364,"column":null}},"172":{"start":{"line":365,"column":20},"end":{"line":371,"column":null}},"173":{"start":{"line":367,"column":24},"end":{"line":370,"column":null}},"174":{"start":{"line":369,"column":28},"end":{"line":369,"column":null}},"175":{"start":{"line":374,"column":20},"end":{"line":374,"column":null}},"176":{"start":{"line":375,"column":20},"end":{"line":375,"column":null}},"177":{"start":{"line":378,"column":16},"end":{"line":378,"column":null}},"178":{"start":{"line":380,"column":16},"end":{"line":380,"column":null}},"179":{"start":{"line":384,"column":12},"end":{"line":384,"column":null}},"180":{"start":{"line":385,"column":12},"end":{"line":385,"column":null}},"181":{"start":{"line":386,"column":12},"end":{"line":386,"column":null}},"182":{"start":{"line":387,"column":12},"end":{"line":387,"column":null}},"183":{"start":{"line":388,"column":12},"end":{"line":388,"column":null}},"184":{"start":{"line":390,"column":12},"end":{"line":390,"column":null}},"185":{"start":{"line":394,"column":4},"end":{"line":394,"column":null}},"186":{"start":{"line":399,"column":4},"end":{"line":399,"column":null}},"187":{"start":{"line":400,"column":4},"end":{"line":400,"column":null}},"188":{"start":{"line":401,"column":4},"end":{"line":401,"column":null}},"189":{"start":{"line":403,"column":4},"end":{"line":403,"column":null}},"190":{"start":{"line":405,"column":4},"end":{"line":405,"column":null}},"191":{"start":{"line":406,"column":4},"end":{"line":406,"column":null}},"192":{"start":{"line":408,"column":4},"end":{"line":408,"column":null}},"193":{"start":{"line":413,"column":4},"end":{"line":413,"column":null}}},"fnMap":{"0":{"name":"createAuthStore","decl":{"start":{"line":9,"column":9},"end":{"line":9,"column":27}},"loc":{"start":{"line":9,"column":27},"end":{"line":42,"column":null}},"line":9},"1":{"name":"(anonymous_1)","decl":{"start":{"line":15,"column":15},"end":{"line":15,"column":16}},"loc":{"start":{"line":15,"column":32},"end":{"line":21,"column":null}},"line":15},"2":{"name":"(anonymous_2)","decl":{"start":{"line":22,"column":16},"end":{"line":22,"column":22}},"loc":{"start":{"line":22,"column":22},"end":{"line":30,"column":null}},"line":22},"3":{"name":"(anonymous_3)","decl":{"start":{"line":31,"column":26},"end":{"line":31,"column":27}},"loc":{"start":{"line":31,"column":46},"end":{"line":40,"column":null}},"line":31},"4":{"name":"updateSessionActivity","decl":{"start":{"line":62,"column":16},"end":{"line":62,"column":46}},"loc":{"start":{"line":62,"column":46},"end":{"line":71,"column":null}},"line":62},"5":{"name":"checkSessionTimeout","decl":{"start":{"line":74,"column":16},"end":{"line":74,"column":84}},"loc":{"start":{"line":74,"column":84},"end":{"line":99,"column":null}},"line":74},"6":{"name":"clearSessionData","decl":{"start":{"line":102,"column":9},"end":{"line":102,"column":34}},"loc":{"start":{"line":102,"column":34},"end":{"line":106,"column":null}},"line":102},"7":{"name":"hasPermission","decl":{"start":{"line":109,"column":16},"end":{"line":109,"column":30}},"loc":{"start":{"line":109,"column":66},"end":{"line":113,"column":null}},"line":109},"8":{"name":"(anonymous_8)","decl":{"start":{"line":116,"column":52},"end":{"line":116,"column":53}},"loc":{"start":{"line":116,"column":63},"end":{"line":123,"column":1}},"line":116},"9":{"name":"(anonymous_9)","decl":{"start":{"line":119,"column":13},"end":{"line":119,"column":14}},"loc":{"start":{"line":119,"column":44},"end":{"line":119,"column":null}},"line":119},"10":{"name":"(anonymous_10)","decl":{"start":{"line":120,"column":16},"end":{"line":120,"column":20}},"loc":{"start":{"line":120,"column":47},"end":{"line":120,"column":null}},"line":120},"11":{"name":"(anonymous_11)","decl":{"start":{"line":120,"column":58},"end":{"line":120,"column":63}},"loc":{"start":{"line":120,"column":63},"end":{"line":120,"column":81}},"line":120},"12":{"name":"(anonymous_12)","decl":{"start":{"line":121,"column":16},"end":{"line":121,"column":20}},"loc":{"start":{"line":121,"column":47},"end":{"line":121,"column":null}},"line":121},"13":{"name":"(anonymous_13)","decl":{"start":{"line":121,"column":59},"end":{"line":121,"column":64}},"loc":{"start":{"line":121,"column":64},"end":{"line":121,"column":82}},"line":121},"14":{"name":"getLoginAttemptsKey","decl":{"start":{"line":136,"column":9},"end":{"line":136,"column":29}},"loc":{"start":{"line":136,"column":50},"end":{"line":140,"column":null}},"line":136},"15":{"name":"checkRateLimit","decl":{"start":{"line":142,"column":9},"end":{"line":142,"column":24}},"loc":{"start":{"line":142,"column":108},"end":{"line":188,"column":null}},"line":142},"16":{"name":"recordFailedAttempt","decl":{"start":{"line":190,"column":9},"end":{"line":190,"column":29}},"loc":{"start":{"line":190,"column":48},"end":{"line":222,"column":null}},"line":190},"17":{"name":"clearLoginAttempts","decl":{"start":{"line":224,"column":9},"end":{"line":224,"column":28}},"loc":{"start":{"line":224,"column":47},"end":{"line":228,"column":null}},"line":224},"18":{"name":"loginWithPin","decl":{"start":{"line":232,"column":22},"end":{"line":232,"column":35}},"loc":{"start":{"line":232,"column":70},"end":{"line":284,"column":null}},"line":232},"19":{"name":"(anonymous_19)","decl":{"start":{"line":250,"column":16},"end":{"line":250,"column":21}},"loc":{"start":{"line":250,"column":21},"end":{"line":250,"column":31}},"line":250},"20":{"name":"restoreSession","decl":{"start":{"line":291,"column":22},"end":{"line":291,"column":57}},"loc":{"start":{"line":291,"column":57},"end":{"line":395,"column":null}},"line":291},"21":{"name":"(anonymous_21)","decl":{"start":{"line":300,"column":26},"end":{"line":300,"column":38}},"loc":{"start":{"line":300,"column":38},"end":{"line":392,"column":7}},"line":300},"22":{"name":"(anonymous_22)","decl":{"start":{"line":345,"column":77},"end":{"line":345,"column":83}},"loc":{"start":{"line":345,"column":83},"end":{"line":345,"column":85}},"line":345},"23":{"name":"(anonymous_23)","decl":{"start":{"line":367,"column":80},"end":{"line":367,"column":86}},"loc":{"start":{"line":367,"column":86},"end":{"line":370,"column":25}},"line":367},"24":{"name":"(anonymous_24)","decl":{"start":{"line":385,"column":69},"end":{"line":385,"column":75}},"loc":{"start":{"line":385,"column":75},"end":{"line":385,"column":77}},"line":385},"25":{"name":"logout","decl":{"start":{"line":398,"column":22},"end":{"line":398,"column":31}},"loc":{"start":{"line":398,"column":31},"end":{"line":409,"column":null}},"line":398},"26":{"name":"requirePermission","decl":{"start":{"line":412,"column":16},"end":{"line":412,"column":34}},"loc":{"start":{"line":412,"column":70},"end":{"line":414,"column":null}},"line":412}},"branchMap":{"0":{"loc":{"start":{"line":10,"column":19},"end":{"line":10,"column":null}},"type":"cond-expr","locations":[{"start":{"line":10,"column":29},"end":{"line":10,"column":82}},{"start":{"line":10,"column":82},"end":{"line":10,"column":null}}],"line":10},"1":{"loc":{"start":{"line":19,"column":12},"end":{"line":19,"column":null}},"type":"if","locations":[{"start":{"line":19,"column":12},"end":{"line":19,"column":null}},{"start":{},"end":{}}],"line":19},"2":{"loc":{"start":{"line":24,"column":12},"end":{"line":27,"column":null}},"type":"if","locations":[{"start":{"line":24,"column":12},"end":{"line":27,"column":null}},{"start":{},"end":{}}],"line":24},"3":{"loc":{"start":{"line":33,"column":12},"end":{"line":39,"column":null}},"type":"if","locations":[{"start":{"line":33,"column":12},"end":{"line":39,"column":null}},{"start":{},"end":{}}],"line":33},"4":{"loc":{"start":{"line":34,"column":16},"end":{"line":38,"column":null}},"type":"if","locations":[{"start":{"line":34,"column":16},"end":{"line":38,"column":null}},{"start":{"line":36,"column":23},"end":{"line":38,"column":null}}],"line":34},"5":{"loc":{"start":{"line":63,"column":4},"end":{"line":63,"column":null}},"type":"if","locations":[{"start":{"line":63,"column":4},"end":{"line":63,"column":null}},{"start":{},"end":{}}],"line":63},"6":{"loc":{"start":{"line":68,"column":4},"end":{"line":70,"column":null}},"type":"if","locations":[{"start":{"line":68,"column":4},"end":{"line":70,"column":null}},{"start":{},"end":{}}],"line":68},"7":{"loc":{"start":{"line":75,"column":4},"end":{"line":75,"column":null}},"type":"if","locations":[{"start":{"line":75,"column":4},"end":{"line":75,"column":null}},{"start":{},"end":{}}],"line":75},"8":{"loc":{"start":{"line":81,"column":4},"end":{"line":83,"column":null}},"type":"if","locations":[{"start":{"line":81,"column":4},"end":{"line":83,"column":null}},{"start":{},"end":{}}],"line":81},"9":{"loc":{"start":{"line":81,"column":8},"end":{"line":81,"column":40}},"type":"binary-expr","locations":[{"start":{"line":81,"column":8},"end":{"line":81,"column":25}},{"start":{"line":81,"column":25},"end":{"line":81,"column":40}}],"line":81},"10":{"loc":{"start":{"line":93,"column":4},"end":{"line":95,"column":null}},"type":"if","locations":[{"start":{"line":93,"column":4},"end":{"line":95,"column":null}},{"start":{},"end":{}}],"line":93},"11":{"loc":{"start":{"line":93,"column":8},"end":{"line":93,"column":89}},"type":"binary-expr","locations":[{"start":{"line":93,"column":8},"end":{"line":93,"column":51}},{"start":{"line":93,"column":51},"end":{"line":93,"column":89}}],"line":93},"12":{"loc":{"start":{"line":103,"column":4},"end":{"line":103,"column":null}},"type":"if","locations":[{"start":{"line":103,"column":4},"end":{"line":103,"column":null}},{"start":{},"end":{}}],"line":103},"13":{"loc":{"start":{"line":111,"column":4},"end":{"line":111,"column":null}},"type":"if","locations":[{"start":{"line":111,"column":4},"end":{"line":111,"column":null}},{"start":{},"end":{}}],"line":111},"14":{"loc":{"start":{"line":117,"column":47},"end":{"line":117,"column":71}},"type":"binary-expr","locations":[{"start":{"line":117,"column":47},"end":{"line":117,"column":69}},{"start":{"line":117,"column":69},"end":{"line":117,"column":71}}],"line":117},"15":{"loc":{"start":{"line":143,"column":4},"end":{"line":143,"column":null}},"type":"if","locations":[{"start":{"line":143,"column":4},"end":{"line":143,"column":null}},{"start":{},"end":{}}],"line":143},"16":{"loc":{"start":{"line":149,"column":4},"end":{"line":151,"column":null}},"type":"if","locations":[{"start":{"line":149,"column":4},"end":{"line":151,"column":null}},{"start":{},"end":{}}],"line":149},"17":{"loc":{"start":{"line":157,"column":8},"end":{"line":163,"column":null}},"type":"if","locations":[{"start":{"line":157,"column":8},"end":{"line":163,"column":null}},{"start":{},"end":{}}],"line":157},"18":{"loc":{"start":{"line":157,"column":12},"end":{"line":157,"column":64}},"type":"binary-expr","locations":[{"start":{"line":157,"column":12},"end":{"line":157,"column":36}},{"start":{"line":157,"column":36},"end":{"line":157,"column":64}}],"line":157},"19":{"loc":{"start":{"line":166,"column":8},"end":{"line":169,"column":null}},"type":"if","locations":[{"start":{"line":166,"column":8},"end":{"line":169,"column":null}},{"start":{},"end":{}}],"line":166},"20":{"loc":{"start":{"line":166,"column":12},"end":{"line":166,"column":65}},"type":"binary-expr","locations":[{"start":{"line":166,"column":12},"end":{"line":166,"column":36}},{"start":{"line":166,"column":36},"end":{"line":166,"column":65}}],"line":166},"21":{"loc":{"start":{"line":172,"column":8},"end":{"line":175,"column":null}},"type":"if","locations":[{"start":{"line":172,"column":8},"end":{"line":175,"column":null}},{"start":{},"end":{}}],"line":172},"22":{"loc":{"start":{"line":191,"column":4},"end":{"line":191,"column":null}},"type":"if","locations":[{"start":{"line":191,"column":4},"end":{"line":191,"column":null}},{"start":{},"end":{}}],"line":191},"23":{"loc":{"start":{"line":199,"column":4},"end":{"line":211,"column":null}},"type":"if","locations":[{"start":{"line":199,"column":4},"end":{"line":211,"column":null}},{"start":{"line":209,"column":11},"end":{"line":211,"column":null}}],"line":199},"24":{"loc":{"start":{"line":203,"column":12},"end":{"line":205,"column":null}},"type":"if","locations":[{"start":{"line":203,"column":12},"end":{"line":205,"column":null}},{"start":{},"end":{}}],"line":203},"25":{"loc":{"start":{"line":217,"column":4},"end":{"line":219,"column":null}},"type":"if","locations":[{"start":{"line":217,"column":4},"end":{"line":219,"column":null}},{"start":{},"end":{}}],"line":217},"26":{"loc":{"start":{"line":225,"column":4},"end":{"line":225,"column":null}},"type":"if","locations":[{"start":{"line":225,"column":4},"end":{"line":225,"column":null}},{"start":{},"end":{}}],"line":225},"27":{"loc":{"start":{"line":233,"column":4},"end":{"line":233,"column":null}},"type":"if","locations":[{"start":{"line":233,"column":4},"end":{"line":233,"column":null}},{"start":{},"end":{}}],"line":233},"28":{"loc":{"start":{"line":237,"column":4},"end":{"line":242,"column":null}},"type":"if","locations":[{"start":{"line":237,"column":4},"end":{"line":242,"column":null}},{"start":{},"end":{}}],"line":237},"29":{"loc":{"start":{"line":238,"column":33},"end":{"line":240,"column":null}},"type":"cond-expr","locations":[{"start":{"line":239,"column":14},"end":{"line":239,"column":null}},{"start":{"line":240,"column":14},"end":{"line":240,"column":null}}],"line":238},"30":{"loc":{"start":{"line":253,"column":4},"end":{"line":278,"column":null}},"type":"if","locations":[{"start":{"line":253,"column":4},"end":{"line":278,"column":null}},{"start":{},"end":{}}],"line":253},"31":{"loc":{"start":{"line":262,"column":24},"end":{"line":262,"column":36}},"type":"binary-expr","locations":[{"start":{"line":262,"column":24},"end":{"line":262,"column":32}},{"start":{"line":262,"column":32},"end":{"line":262,"column":36}}],"line":262},"32":{"loc":{"start":{"line":266,"column":8},"end":{"line":268,"column":null}},"type":"if","locations":[{"start":{"line":266,"column":8},"end":{"line":268,"column":null}},{"start":{},"end":{}}],"line":266},"33":{"loc":{"start":{"line":271,"column":8},"end":{"line":275,"column":null}},"type":"if","locations":[{"start":{"line":271,"column":8},"end":{"line":275,"column":null}},{"start":{},"end":{}}],"line":271},"34":{"loc":{"start":{"line":292,"column":4},"end":{"line":292,"column":null}},"type":"if","locations":[{"start":{"line":292,"column":4},"end":{"line":292,"column":null}},{"start":{},"end":{}}],"line":292},"35":{"loc":{"start":{"line":295,"column":4},"end":{"line":297,"column":null}},"type":"if","locations":[{"start":{"line":295,"column":4},"end":{"line":297,"column":null}},{"start":{},"end":{}}],"line":295},"36":{"loc":{"start":{"line":295,"column":8},"end":{"line":295,"column":50}},"type":"binary-expr","locations":[{"start":{"line":295,"column":8},"end":{"line":295,"column":30}},{"start":{"line":295,"column":30},"end":{"line":295,"column":50}}],"line":295},"37":{"loc":{"start":{"line":304,"column":12},"end":{"line":309,"column":null}},"type":"if","locations":[{"start":{"line":304,"column":12},"end":{"line":309,"column":null}},{"start":{},"end":{}}],"line":304},"38":{"loc":{"start":{"line":318,"column":12},"end":{"line":326,"column":null}},"type":"if","locations":[{"start":{"line":318,"column":12},"end":{"line":326,"column":null}},{"start":{},"end":{}}],"line":318},"39":{"loc":{"start":{"line":329,"column":12},"end":{"line":335,"column":null}},"type":"if","locations":[{"start":{"line":329,"column":12},"end":{"line":335,"column":null}},{"start":{},"end":{}}],"line":329},"40":{"loc":{"start":{"line":331,"column":16},"end":{"line":334,"column":null}},"type":"if","locations":[{"start":{"line":331,"column":16},"end":{"line":334,"column":null}},{"start":{},"end":{}}],"line":331},"41":{"loc":{"start":{"line":331,"column":20},"end":{"line":331,"column":80}},"type":"binary-expr","locations":[{"start":{"line":331,"column":20},"end":{"line":331,"column":38}},{"start":{"line":331,"column":38},"end":{"line":331,"column":80}}],"line":331},"42":{"loc":{"start":{"line":340,"column":12},"end":{"line":350,"column":null}},"type":"if","locations":[{"start":{"line":340,"column":12},"end":{"line":350,"column":null}},{"start":{},"end":{}}],"line":340},"43":{"loc":{"start":{"line":340,"column":16},"end":{"line":340,"column":46}},"type":"binary-expr","locations":[{"start":{"line":340,"column":16},"end":{"line":340,"column":27}},{"start":{"line":340,"column":27},"end":{"line":340,"column":46}}],"line":340},"44":{"loc":{"start":{"line":343,"column":16},"end":{"line":348,"column":null}},"type":"if","locations":[{"start":{"line":343,"column":16},"end":{"line":348,"column":null}},{"start":{},"end":{}}],"line":343},"45":{"loc":{"start":{"line":343,"column":20},"end":{"line":343,"column":111}},"type":"binary-expr","locations":[{"start":{"line":343,"column":20},"end":{"line":343,"column":51}},{"start":{"line":343,"column":51},"end":{"line":343,"column":70}},{"start":{"line":343,"column":70},"end":{"line":343,"column":111}}],"line":343},"46":{"loc":{"start":{"line":357,"column":16},"end":{"line":376,"column":null}},"type":"if","locations":[{"start":{"line":357,"column":16},"end":{"line":376,"column":null}},{"start":{},"end":{}}],"line":357},"47":{"loc":{"start":{"line":357,"column":20},"end":{"line":357,"column":43}},"type":"binary-expr","locations":[{"start":{"line":357,"column":20},"end":{"line":357,"column":28}},{"start":{"line":357,"column":28},"end":{"line":357,"column":43}}],"line":357},"48":{"loc":{"start":{"line":360,"column":36},"end":{"line":360,"column":48}},"type":"binary-expr","locations":[{"start":{"line":360,"column":36},"end":{"line":360,"column":44}},{"start":{"line":360,"column":44},"end":{"line":360,"column":48}}],"line":360},"49":{"loc":{"start":{"line":365,"column":20},"end":{"line":371,"column":null}},"type":"if","locations":[{"start":{"line":365,"column":20},"end":{"line":371,"column":null}},{"start":{},"end":{}}],"line":365},"50":{"loc":{"start":{"line":365,"column":24},"end":{"line":365,"column":80}},"type":"binary-expr","locations":[{"start":{"line":365,"column":24},"end":{"line":365,"column":40}},{"start":{"line":365,"column":40},"end":{"line":365,"column":80}}],"line":365}},"s":{"0":1,"1":1,"2":1,"3":0,"4":0,"5":0,"6":0,"7":5,"8":5,"9":5,"10":5,"11":5,"12":5,"13":8,"14":8,"15":8,"16":7,"17":1,"18":1,"19":1,"20":1,"21":1,"22":1,"23":1,"24":9,"25":0,"26":9,"27":9,"28":9,"29":6,"30":12,"31":0,"32":12,"33":12,"34":12,"35":1,"36":11,"37":11,"38":11,"39":11,"40":11,"41":11,"42":3,"43":8,"44":8,"45":7,"46":0,"47":7,"48":7,"49":6,"50":6,"51":1,"52":5,"53":1,"54":4,"55":4,"56":1,"57":3,"58":5,"59":3,"60":5,"61":1,"62":1,"63":1,"64":20,"65":11,"66":0,"67":11,"68":11,"69":11,"
[...]
loc":{"start":{"line":260,"column":43},"end":{"line":260,"column":67}},"type":"binary-expr","locations":[{"start":{"line":260,"column":43},"end":{"line":260,"column":66}},{"start":{"line":260,"column":66},"end":{"line":260,"column":67}}],"line":260},"47":{"loc":{"start":{"line":261,"column":25},"end":{"line":261,"column":null}},"type":"binary-expr","locations":[{"start":{"line":261,"column":25},"end":{"line":261,"column":46}},{"start":{"line":261,"column":46},"end":{"line":261,"column":67}},{"start":{"line":261,"column":67},"end":{"line":261,"column":88}},{"start":{"line":261,"column":88},"end":{"line":261,"column":null}}],"line":261},"48":{"loc":{"start":{"line":265,"column":27},"end":{"line":265,"column":null}},"type":"binary-expr","locations":[{"start":{"line":265,"column":27},"end":{"line":265,"column":50}},{"start":{"line":265,"column":50},"end":{"line":265,"column":null}}],"line":265},"49":{"loc":{"start":{"line":266,"column":25},"end":{"line":266,"column":null}},"type":"binary-expr","locations":[{"start":{"line":266,"column":25},"end":{"line":266,"column":57}},{"start":{"line":266,"column":57},"end":{"line":266,"column":null}}],"line":266},"50":{"loc":{"start":{"line":275,"column":18},"end":{"line":275,"column":null}},"type":"binary-expr","locations":[{"start":{"line":275,"column":18},"end":{"line":275,"column":43}},{"start":{"line":275,"column":43},"end":{"line":275,"column":null}}],"line":275},"51":{"loc":{"start":{"line":285,"column":55},"end":{"line":285,"column":112}},"type":"cond-expr","locations":[{"start":{"line":285,"column":80},"end":{"line":285,"column":88}},{"start":{"line":285,"column":88},"end":{"line":285,"column":112}}],"line":285},"52":{"loc":{"start":{"line":299,"column":8},"end":{"line":305,"column":null}},"type":"if","locations":[{"start":{"line":299,"column":8},"end":{"line":305,"column":null}},{"start":{},"end":{}}],"line":299},"53":{"loc":{"start":{"line":314,"column":21},"end":{"line":314,"column":null}},"type":"cond-expr","locations":[{"start":{"line":314,"column":46},"end":{"line":314,"column":62}},{"start":{"line":314,"column":62},"end":{"line":314,"column":null}}],"line":314},"54":{"loc":{"start":{"line":337,"column":4},"end":{"line":349,"column":null}},"type":"switch","locations":[{"start":{"line":338,"column":8},"end":{"line":340,"column":null}},{"start":{"line":341,"column":8},"end":{"line":343,"column":null}},{"start":{"line":344,"column":8},"end":{"line":346,"column":null}},{"start":{"line":347,"column":8},"end":{"line":348,"column":null}}],"line":337},"55":{"loc":{"start":{"line":352,"column":4},"end":{"line":354,"column":null}},"type":"if","locations":[{"start":{"line":352,"column":4},"end":{"line":354,"column":null}},{"start":{},"end":{}}],"line":352},"56":{"loc":{"start":{"line":357,"column":4},"end":{"line":366,"column":null}},"type":"if","locations":[{"start":{"line":357,"column":4},"end":{"line":366,"column":null}},{"start":{},"end":{}}],"line":357},"57":{"loc":{"start":{"line":362,"column":8},"end":{"line":365,"column":null}},"type":"if","locations":[{"start":{"line":362,"column":8},"end":{"line":365,"column":null}},{"start":{},"end":{}}],"line":362},"58":{"loc":{"start":{"line":362,"column":12},"end":{"line":362,"column":80}},"type":"binary-expr","locations":[{"start":{"line":362,"column":12},"end":{"line":362,"column":49}},{"start":{"line":362,"column":49},"end":{"line":362,"column":80}}],"line":362},"59":{"loc":{"start":{"line":369,"column":4},"end":{"line":374,"column":null}},"type":"if","locations":[{"start":{"line":369,"column":4},"end":{"line":374,"column":null}},{"start":{"line":372,"column":4},"end":{"line":374,"column":null}}],"line":369},"60":{"loc":{"start":{"line":372,"column":4},"end":{"line":374,"column":null}},"type":"if","locations":[{"start":{"line":372,"column":4},"end":{"line":374,"column":null}},{"start":{},"end":{}}],"line":372},"61":{"loc":{"start":{"line":393,"column":4},"end":{"line":412,"column":null}},"type":"switch","locations":[{"start":{"line":394,"column":8},"end":{"line":395,"column":null}},{"start":{"line":396,"column":8},"end":{"line":397,"column":null}},{"start":{"line":398,"column":8},"end":{"line":399,"column":null}},{"start":{"line":400,"column":8},"end":{"line":401,"column":null}},{"start":{"line":402,"column":8},"end":{"line":403,"column":null}},{"start":{"line":404,"column":8},"end":{"line":405,"column":null}},{"start":{"line":406,"column":8},"end":{"line":407,"column":null}},{"start":{"line":408,"column":8},"end":{"line":409,"column":null}},{"start":{"line":410,"column":8},"end":{"line":411,"column":null}}],"line":393},"62":{"loc":{"start":{"line":423,"column":4},"end":{"line":432,"column":null}},"type":"switch","locations":[{"start":{"line":424,"column":8},"end":{"line":425,"column":null}},{"start":{"line":426,"column":8},"end":{"line":427,"column":null}},{"start":{"line":428,"column":8},"end":{"line":429,"column":null}},{"start":{"line":430,"column":8},"end":{"line":431,"column":null}}],"line":423}},"s":{"0":0,"1":0,"2":0,"3":0,"4":0,"5":0,"6":0,"7":0,"8":0,"9":0,"10":0,"11":0,"12":0,"13":0,"14":0,"15":0,"16":0,"17":0,"18":0,"19":0,"20":0,"21":0,"22":0,"23":0,"24":0,"25":0,"26":0,"27":0,"28":0,"29":0,"30":0,"31":0,"32":0,"33":0,"34":0,"35":0,"36":0,"37":0,"38":0,"39":0,"40":0,"41":0,"42":0,"43":0,"44":0,"45":0,"46":0,"47":0,"48":0,"49":0,"50":0,"51":0,"52":0,"53":0,"54":0,"55":0,"56":0,"57":0,"58":0,"59":0,"60":0,"61":0,"62":0,"63":0,"64":0,"65":0,"66":0,"67":0,"68":0,"69":0,"70":0,"71":0,"72":0,"73":0,"74":0,"75":0,"76":0,"77":0,"78":0,"79":0,"80":0,"81":0,"82":0,"83":0,"84":0,"85":0,"86":0,"87":0,"88":0,"89":0,"90":0,"91":0,"92":0,"93":0,"94":0,"95":0,"96":0,"97":0,"98":0,"99":0,"100":0,"101":0,"102":0,"103":0,"104":0,"105":0,"106":0,"107":0,"108":0,"109":0,"110":0,"111":0,"112":0,"113":0,"114":0,"115":0,"116":0,"117":0,"118":0,"119":0,"120":0,"121":0,"122":0,"123":0,"124":0,"125":0,"126":0,"127":0,"128":0,"129":0,"130":0,"131":0},"f":{"0":0,"1":0,"2":0,"3":0,"4":0,"5":0,"6":0,"7":0,"8":0,"9":0,"10":0,"11":0,"12":0,"13":0,"14":0,"15":0},"b":{"0":[0,0],"1":[0,0],"2":[0,0],"3":[0,0],"4":[0,0],"5":[0,0],"6":[0,0],"7":[0,0],"8":[0,0],"9":[0,0],"10":[0,0],"11":[0,0],"12":[0,0],"13":[0,0],"14":[0,0],"15":[0,0],"16":[0,0],"17":[0,0],"18":[0,0],"19":[0,0],"20":[0,0,0],"21":[0,0,0],"22":[0,0],"23":[0,0],"24":[0,0,0],"25":[0,0],"26":[0,0],"27":[0,0],"28":[0,0,0],"29":[0,0],"30":[0,0,0,0],"31":[0,0],"32":[0,0],"33":[0,0],"34":[0,0],"35":[0,0],"36":[0,0],"37":[0,0,0],"38":[0,0,0],"39":[0,0],"40":[0,0],"41":[0,0,0],"42":[0,0],"43":[0,0],"44":[0,0],"45":[0,0,0],"46":[0,0],"47":[0,0,0,0],"48":[0,0],"49":[0,0],"50":[0,0],"51":[0,0],"52":[0,0],"53":[0,0],"54":[0,0,0,0],"55":[0,0],"56":[0,0],"57":[0,0],"58":[0,0],"59":[0,0],"60":[0,0],"61":[0,0,0,0,0,0,0,0,0],"62":[0,0,0,0]},"meta":{"lastBranch":63,"lastFunction":16,"lastStatement":132,"seen":{"f:108:9:108:26":0,"b:110:4:110:Infinity:undefined:undefined:undefined:undefined":0,"s:110:4:110:Infinity":0,"b:110:8:110:23:110:23:110:35":1,"s:110:35:110:Infinity":1,"b:111:4:111:Infinity:undefined:undefined:undefined:undefined":2,"s:111:4:111:Infinity":2,"b:111:8:111:23:111:23:111:35":3,"s:111:35:111:Infinity":3,"b:112:4:112:Infinity:undefined:undefined:undefined:undefined":4,"s:112:4:112:Infinity":4,"b:112:8:112:23:112:23:112:35":5,"s:112:35:112:Infinity":5,"b:113:4:113:Infinity:undefined:undefined:undefined:undefined":6,"s:113:4:113:Infinity":6,"b:113:8:113:23:113:23:113:35":7,"s:113:35:113:Infinity":7,"b:114:4:114:Infinity:undefined:undefined:undefined:undefined":8,"s:114:4:114:Infinity":8,"b:114:8:114:23:114:23:114:35":9,"s:114:35:114:Infinity":9,"b:115:4:115:Infinity:undefined:undefined:undefined:undefined":10,"s:115:4:115:Infinity":10,"b:115:8:115:23:115:23:115:35":11,"s:115:35:115:Infinity":11,"b:116:4:116:Infinity:undefined:undefined:undefined:undefined":12,"s:116:4:116:Infinity":12,"s:116:22:116:Infinity":13,"b:117:4:117:Infinity:undefined:undefined:undefined:undefined":13,"s:117:4:117:Infinity":14,"b:117:8:117:22:117:22:117:34":14,"s:117:34:117:Infinity":15,"s:118:4:118:Infinity":16,"f:124:9:124:31":1,"b:125:4:125:Infinity:undefined:undefined:undefined:undefined":15,"s:125:4:125:Infinity":17,"s:125:24:125:Infinity":18,"b:126:4:126:Infinity:undefined:undefined:undefined:undefined":16,"s:126:4:126:Infinity":19,"s:126:25:126:Infinity":20,"b:127:4:127:Infinity:undefined:undefined:undefined:undefined":17,"s:127:4:127:Infinity":21,"s:127:25:127:Infinity":22,"s:128:4:128:Infinity":23,"f:135:22:135:Infinity":2,"s:139:4:208:Infinity":24,"s:141:20:141:Infinity":25,"s:143:42:179:Infinity":26,"f:143:65:143:77":3,"s:144:29:144:Infinity":27,"b:146:12:164:Infinity:undefined:undefined:undefined:undefined":18,"s:146:12:164:Infinity":28,"s:147:34:147:Infinity":29,"f:147:62:147:69":4,"s:147:69:147:96":30,"b:150:16:154:Infinity:undefined:undefined:undefined:undefined":19,"s:150:16:154:Infinity":31,"b:150:20:150:46:150:46:150:71:150:71:150:96":20,"s:151:39:151:Infinity":32,"b:151:90:151:109:151:109:151:130:151:130:151:132":21,"s:152:20:152:Infinity":33,"s:153:20:153:Infinity":34,"b:157:16:161:Infinity:undefined:undefined:undefined:undefined":22,"s:157:16:161:Infinity":35,"b:157:20:157:46:157:46:157:71":23,"s:158:39:158:Infinity":36,"b:158:90:158:109:158:109:158:130:158:130:158:132":24,"s:159:20:159:Infinity":37,"s:160:20:160:Infinity":38,"s:163:16:163:Infinity":39,"s:166:12:166:Infinity":40,"f:170:23:170:24":5,"b:172:16:172:Infinity:undefined:undefined:undefined:undefined":25,"s:172:16:172:Infinity":41,"b:172:20:172:44:172:44:172:67":26,"s:172:67:172:Infinity":42,"b:173:16:176:Infinity:undefined:undefined:undefined:undefined":27,"s:173:16:176:Infinity":43,"s:174:32:174:Infinity":44,"s:175:20:175:Infinity":45,"b:175:27:175:52:175:52:175:79:175:79:175:Infinity":28,"s:177:16:177:Infinity":46,"s:181:26:181:Infinity":47,"b:181:43:181:66:181:66:181:67":29,"s:182:25:182:Infinity":48,"b:182:25:182:46:182:46:182:67:182:67:182:88:182:88:182:Infinity":30,"s:184:8:204:Infinity":49,"b:186:27:186:50:186:50:186:Infinity":31,"b:187:25:187:57:187:57:187:Infinity":32,"b:196:18:196:43:196:43:196:Infinity":33,"s:206:8:206:Infinity":50,"b:206:72:206:80:206:80:206:104":34,"s:207:8:207:Infinity":51,"f:215:22:215:Infinity":6,"s:218:4:287:Infinity":52,"s:220:20:220:Infinity":53,"s:222:42:258:Infinity":54,"f:222:65:222:77":7,"s:223:29:223:Infinity":55,"b:225:12:243:Infinity:undefined:undefined:undefined:undefined":35,"s:225:12:243:Infinity":56,"s:226:34:226:Infinity":57,"f:226:62:226:69":8,"s:226:69:226:96":58,"b:229:16:233:Infinity:undefined:undefined:undefined:undefined":36,"s:229:16:233:Infinity":59,"b:229:20:229:46:229:46:229:71:229:71:229:96":37,"s:230:39:230:Infinity":60,"b:230:90:230:109:230:109:230:130:230:130:230:132":38,"s:231:20:231:Infinity":61,"s:232:20:232:Infinity":62,"b:236:16:240:Infinity:undefined:undefined:undefined:undefined":39,"s:236:16:240:Infinity":63,"b:236:20:236:46:236:46:236:71":40,"s:237:39:237:Infinity":64,"b:237:90:237:109:237:109:237:130:237:130:237:132":41,"s:238:20:238:Infinity":65,"s:239:20:239:Infinity":66,"s:242:16:242:Infinity":67,"s:245:12:245:Infinity":68,"f:249:23:249:24":9,"b:251:16:251:Infinity:undefined:undefined:undefined:undefined":42,"s:251:16:251:Infinity":69,"b:251:20:251:44:251:44:251:67":43,"s:251:67:251:Infinity":70,"b:252:16:255:Infinity:undefined:undefined:undefined:undefined":44,"s:252:16:255:Infinity":71,"s:253:32:253:Infinity":72,"s:254:20:254:Infinity":73,"b:254:27:254:52:254:52:254:79:254:79:254:Infinity":45,"s:256:16:256:Infinity":74,"s:260:26:260:Infinity":75,"b:260:43:260:66:260:66:260:67":46,"s:261:25:261:Infinity":76,"b:261:25:261:46:261:46:261:67:261:67:261:88:261:88:261:Infinity":47,"s:263:8:283:Infinity":77,"b:265:27:265:50:265:50:265:Infinity":48,"b:266:25:266:57:266:57:266:Infinity":49,"b:275:18:275:43:275:43:275:Infinity":50,"s:285:8:285:Infinity":78,"b:285:80:285:88:285:88:285:112":51,"s:286:8:286:Infinity":79,"f:293:22:293:Infinity":10,"s:296:4:316:Infinity":80,"s:297:24:297:Infinity":81,"b:299:8:305:Infinity:undefined:undefined:undefined:undefined":52,"s:299:8:305:Infinity":82,"s:300:12:304:Infinity":83,"s:307:8:310:Infinity":84,"s:312:8:315:Infinity":85,"b:314:46:314:62:314:62:314:Infinity":53,"f:322:16:322:34":11,"s:323:4:323:Infinity":86,"f:329:16:329:37":12,"s:330:23:330:Infinity":87,"s:332:32:332:Infinity":88,"s:333:41:333:Infinity":89,"s:334:38:334:Infinity":90,"b:338:8:340:Infinity:341:8:343:Infinity:344:8:346:Infinity:347:8:348:Infinity":54,"s:337:4:349:Infinity":91,"s:339:12:339:Infinity":92,"s:340:12:340:Infinity":93,"s:342:12:342:Infinity":94,"s:343:12:343:Infinity":95,"s:345:12:345:Infinity":96,"s:346:12:346:Infinity":97,"s:348:12:348:Infinity":98,"b:352:4:354:Infinity:undefined:undefined:undefined:undefined":55,"s:352:4:354:Infinity":99,"s:353:8:353:Infinity":100,"b:357:4:366:Infinity:undefined:undefined:undefined:undefined":56,"s:357:4:366:Infinity":101,"s:358:8:358:Infinity":102,"s:359:8:359:Infinity":103,"s:360:8:360:Infinity":104,"b:362:8:365:Infinity:undefined:undefined:undefined:undefined":57,"s:362:8:365:Infinity":105,"b:362:12:362:49:362:49:362:80":58,"s:363:12:363:Infinity":106,"s:364:12:364:Infinity":107,"b:369:4:374:Infinity:372:4:374:Infinity":59,"s:369:4:374:Infinity":108,"s:370:8:370:Infinity":109,"s:371:8:371:Infinity":110,"b:372:4:374:Infinity:undefined:undefined:undefined:undefined":60,"s:372:4:374:Infinity":111,"s:373:8:373:Infinity":112,"s:376:4:382:Infinity":113,"f:388:16:388:40":13,"b:394:8:395:Infinity:396:8:397:Infinity:398:8:399:Infinity:400:8:401:Infinity:402:8:403:Infinity:404:8:405:Infinity:406:8:407:Infinity:408:8:409:Infinity:410:8:411:Infinity":61,"s:393:4:412:Infinity":114,"s:395:12:395:Infinity":115,"s:397:12:397:Infinity":116,"s:399:12:399:Infinity":117,"s:401:12:401:Infinity":118,"s:403:12:403:Infinity":119,"s:405:12:405:Infinity":120,"s:407:12:407:Infinity":121,"s:409:12:409:Infinity":122,"s:411:12:411:Infinity":123,"f:418:16:418:37":14,"b:424:8:425:Infinity:426:8:427:Infinity:428:8:429:Infinity:430:8:431:Infinity":62,"s:423:4:432:Infinity":124,"s:425:12:425:Infinity":125,"s:427:12:427:Infinity":126,"s:429:12:429:Infinity":127,"s:431:12:431:Infinity":128,"f:438:16:438:36":15,"s:439:18:439:Infinity":129,"s:440:20:440:Infinity":130,"s:442:4:455:Infinity":131}}}
,"/Users/gonzaloquintana/Documents/Dev Tests/Mini Market 2/src/lib/i18n/index.ts": {"path":"/Users/gonzaloquintana/Documents/Dev Tests/Mini Market 2/src/lib/i18n/index.ts","statementMap":{"0":{"start":{"line":8,"column":21},"end":{"line":11,"column":null}},"1":{"start":{"line":14,"column":23},"end":{"line":14,"column":null}},"2":{"start":{"line":15,"column":15},"end":{"line":15,"column":null}},"3":{"start":{"line":16,"column":19},"end":{"line":16,"column":null}},"4":{"start":{"line":18,"column":2},"end":{"line":33,"column":null}},"5":{"start":{"line":19,"column":4},"end":{"line":32,"column":null}},"6":{"start":{"line":20,"column":6},"end":{"line":20,"column":null}},"7":{"start":{"line":23,"column":6},"end":{"line":23,"column":null}},"8":{"start":{"line":24,"column":6},"end":{"line":30,"column":null}},"9":{"start":{"line":25,"column":8},"end":{"line":29,"column":null}},"10":{"start":{"line":26,"column":10},"end":{"line":26,"column":null}},"11":{"start":{"line":28,"column":10},"end":{"line":28,"column":null}},"12":{"start":{"line":31,"column":6},"end":{"line":31,"column":null}},"13":{"start":{"line":35,"column":2},"end":{"line":35,"column":null}},"14":{"start":{"line":40,"column":20},"end":{"line":40,"column":null}},"15":{"start":{"line":41,"column":2},"end":{"line":43,"column":null}},"16":{"start":{"line":42,"column":4},"end":{"line":42,"column":null}},"17":{"start":{"line":44,"column":2},"end":{"line":44,"column":null}}},"fnMap":{"0":{"name":"t","decl":{"start":{"line":13,"column":16},"end":{"line":13,"column":18}},"loc":{"start":{"line":13,"column":72},"end":{"line":36,"column":null}},"line":13},"1":{"name":"tWithParams","decl":{"start":{"line":39,"column":16},"end":{"line":39,"column":28}},"loc":{"start":{"line":39,"column":81},"end":{"line":45,"column":null}},"line":39},"2":{"name":"(anonymous_2)","decl":{"start":{"line":41,"column":33},"end":{"line":41,"column":34}},"loc":{"start":{"line":41,"column":53},"end":{"line":43,"column":3}},"line":41}},"branchMap":{"0":{"loc":{"start":{"line":14,"column":23},"end":{"line":14,"column":null}},"type":"binary-expr","locations":[{"start":{"line":14,"column":23},"end":{"line":14,"column":40}},{"start":{"line":14,"column":23},"end":{"line":14,"column":null}}],"line":14},"1":{"loc":{"start":{"line":16,"column":19},"end":{"line":16,"column":null}},"type":"binary-expr","locations":[{"start":{"line":16,"column":19},"end":{"line":16,"column":48}},{"start":{"line":16,"column":48},"end":{"line":16,"column":null}}],"line":16},"2":{"loc":{"start":{"line":19,"column":4},"end":{"line":32,"column":null}},"type":"if","locations":[{"start":{"line":19,"column":4},"end":{"line":32,"column":null}},{"start":{"line":21,"column":11},"end":{"line":32,"column":null}}],"line":19},"3":{"loc":{"start":{"line":19,"column":8},"end":{"line":19,"column":58}},"type":"binary-expr","locations":[{"start":{"line":19,"column":8},"end":{"line":19,"column":17}},{"start":{"line":19,"column":17},"end":{"line":19,"column":46}},{"start":{"line":19,"column":46},"end":{"line":19,"column":58}}],"line":19},"4":{"loc":{"start":{"line":25,"column":8},"end":{"line":29,"column":null}},"type":"if","locations":[{"start":{"line":25,"column":8},"end":{"line":29,"column":null}},{"start":{"line":27,"column":15},"end":{"line":29,"column":null}}],"line":25},"5":{"loc":{"start":{"line":25,"column":12},"end":{"line":25,"column":63}},"type":"binary-expr","locations":[{"start":{"line":25,"column":12},"end":{"line":25,"column":21}},{"start":{"line":25,"column":21},"end":{"line":25,"column":50}},{"start":{"line":25,"column":50},"end":{"line":25,"column":63}}],"line":25},"6":{"loc":{"start":{"line":35,"column":9},"end":{"line":35,"column":null}},"type":"cond-expr","locations":[{"start":{"line":35,"column":37},"end":{"line":35,"column":45}},{"start":{"line":35,"column":45},"end":{"line":35,"column":null}}],"line":35}},"s":{"0":0,"1":0,"2":0,"3":0,"4":0,"5":0,"6":0,"7":0,"8":0,"9":0,"10":0,"11":0,"12":0,"13":0,"14":0,"15":0,"16":0,"17":0},"f":{"0":0,"1":0,"2":0},"b":{"0":[0,0],"1":[0,0],"2":[0,0],"3":[0,0,0],"4":[0,0],"5":[0,0,0],"6":[0,0]},"meta":{"lastBranch":7,"lastFunction":3,"lastStatement":18,"seen":{"s:8:21:11:Infinity":0,"f:13:16:13:18":0,"s:14:23:14:Infinity":1,"b:14:23:14:40:14:23:14:Infinity":0,"s:15:15:15:Infinity":2,"s:16:19:16:Infinity":3,"b:16:19:16:48:16:48:16:Infinity":1,"s:18:2:33:Infinity":4,"b:19:4:32:Infinity:21:11:32:Infinity":2,"s:19:4:32:Infinity":5,"b:19:8:19:17:19:17:19:46:19:46:19:58":3,"s:20:6:20:Infinity":6,"s:23:6:23:Infinity":7,"s:24:6:30:Infinity":8,"b:25:8:29:Infinity:27:15:29:Infinity":4,"s:25:8:29:Infinity":9,"b:25:12:25:21:25:21:25:50:25:50:25:63":5,"s:26:10:26:Infinity":10,"s:28:10:28:Infinity":11,"s:31:6:31:Infinity":12,"s:35:2:35:Infinity":13,"b:35:37:35:45:35:45:35:Infinity":6,"f:39:16:39:28":1,"s:40:20:40:Infinity":14,"s:41:2:43:Infinity":15,"f:41:33:41:34":2,"s:42:4:42:Infinity":16,"s:44:2:44:Infinity":17}}}
,"/Users/gonzaloquintana/Documents/Dev Tests/Mini Market 2/src/lib/i18n/translations/en.ts": {"path":"/Users/gonzaloquintana/Documents/Dev Tests/Mini Market 2/src/lib/i18n/translations/en.ts","statementMap":{"0":{"start":{"line":1,"column":18},"end":{"line":577,"column":null}}},"fnMap":{},"branchMap":{},"s":{"0":0},"f":{},"b":{},"meta":{"lastBranch":0,"lastFunction":0,"lastStatement":1,"seen":{"s:1:18:577:Infinity":0}}}
,"/Users/gonzaloquintana/Documents/Dev Tests/Mini Market 2/src/lib/i18n/translations/es.ts": {"path":"/Users/gonzaloquintana/Documents/Dev Tests/Mini Market 2/src/lib/i18n/translations/es.ts","statementMap":{"0":{"start":{"line":1,"column":18},"end":{"line":577,"column":null}}},"fnMap":{},"branchMap":{},"s":{"0":0},"f":{},"b":{},"meta":{"lastBranch":0,"lastFunction":0,"lastStatement":1,"seen":{"s:1:18:577:Infinity":0}}}
}
